{"meta": {"format": 3, "version": "7.14.0", "timestamp": "2026-05-26T20:56:48.841282", "branch_coverage": true, "show_contexts": false}, "files": {"python\\continuum_sdk\\__init__.py": {"executed_lines": [36, 39, 40, 49, 62], "summary": {"covered_lines": 5, "num_statements": 5, "percent_covered": 100.0, "percent_covered_display": "100", "missing_lines": 0, "excluded_lines": 0, "percent_statements_covered": 100.0, "percent_statements_covered_display": "100", "num_branches": 0, "num_partial_branches": 0, "covered_branches": 0, "missing_branches": 0, "percent_branches_covered": 100.0, "percent_branches_covered_display": "100"}, "missing_lines": [], "excluded_lines": [], "executed_branches": [], "missing_branches": [], "functions": {"": {"executed_lines": [36, 39, 40, 49, 62], "summary": {"covered_lines": 5, "num_statements": 5, "percent_covered": 100.0, "percent_covered_display": "100", "missing_lines": 0, "excluded_lines": 0, "percent_statements_covered": 100.0, "percent_statements_covered_display": "100", "num_branches": 0, "num_partial_branches": 0, "covered_branches": 0, "missing_branches": 0, "percent_branches_covered": 100.0, "percent_branches_covered_display": "100"}, "missing_lines": [], "excluded_lines": [], "start_line": 1, "executed_branches": [], "missing_branches": []}}, "classes": {"": {"executed_lines": [36, 39, 40, 49, 62], "summary": {"covered_lines": 5, "num_statements": 5, "percent_covered": 100.0, "percent_covered_display": "100", "missing_lines": 0, "excluded_lines": 0, "percent_statements_covered": 100.0, "percent_statements_covered_display": "100", "num_branches": 0, "num_partial_branches": 0, "covered_branches": 0, "missing_branches": 0, "percent_branches_covered": 100.0, "percent_branches_covered_display": "100"}, "missing_lines": [], "excluded_lines": [], "start_line": 1, "executed_branches": [], "missing_branches": []}}}, "python\\continuum_sdk\\agent\\__init__.py": {"executed_lines": [17, 21, 22, 29, 35, 36, 43, 44, 51], "summary": {"covered_lines": 9, "num_statements": 9, "percent_covered": 100.0, "percent_covered_display": "100", "missing_lines": 0, "excluded_lines": 0, "percent_statements_covered": 100.0, "percent_statements_covered_display": "100", "num_branches": 0, "num_partial_branches": 0, "covered_branches": 0, "missing_branches": 0, "percent_branches_covered": 100.0, "percent_branches_covered_display": "100"}, "missing_lines": [], "excluded_lines": [], "executed_branches": [], "missing_branches": [], "functions": {"": {"executed_lines": [17, 21, 22, 29, 35, 36, 43, 44, 51], "summary": {"covered_lines": 9, "num_statements": 9, "percent_covered": 100.0, "percent_covered_display": "100", "missing_lines": 0, "excluded_lines": 0, "percent_statements_covered": 100.0, "percent_statements_covered_display": "100", "num_branches": 0, "num_partial_branches": 0, "covered_branches": 0, "missing_branches": 0, "percent_branches_covered": 100.0, "percent_branches_covered_display": "100"}, "missing_lines": [], "excluded_lines": [], "start_line": 1, "executed_branches": [], "missing_branches": []}}, "classes": {"": {"executed_lines": [17, 21, 22, 29, 35, 36, 43, 44, 51], "summary": {"covered_lines": 9, "num_statements": 9, "percent_covered": 100.0, "percent_covered_display": "100", "missing_lines": 0, "excluded_lines": 0, "percent_statements_covered": 100.0, "percent_statements_covered_display": "100", "num_branches": 0, "num_partial_branches": 0, "covered_branches": 0, "missing_branches": 0, "percent_branches_covered": 100.0, "percent_branches_covered_display": "100"}, "missing_lines": [], "excluded_lines": [], "start_line": 1, "executed_branches": [], "missing_branches": []}}}, "python\\continuum_sdk\\agent\\checkpoint.py": {"executed_lines": [96, 97, 98, 99, 100, 103, 104, 106, 115, 116, 119, 120, 121, 122, 123, 125, 126, 138, 151, 153, 160, 161, 162, 169, 171, 177, 187, 188, 189, 191, 203, 204, 205, 206, 207, 212, 221, 222, 224, 237, 246, 248], "summary": {"covered_lines": 42, "num_statements": 61, "percent_covered": 63.38028169014085, "percent_covered_display": "63", "missing_lines": 19, "excluded_lines": 0, "percent_statements_covered": 68.85245901639344, "percent_statements_covered_display": "69", "num_branches": 10, "num_partial_branches": 3, "covered_branches": 3, "missing_branches": 7, "percent_branches_covered": 30.0, "percent_branches_covered_display": "30"}, "missing_lines": [107, 108, 111, 112, 127, 164, 167, 172, 208, 209, 210, 234, 235, 257, 258, 259, 260, 261, 262], "excluded_lines": [], "executed_branches": [[160, 161], [171, -169], [205, 206]], "missing_branches": [[160, 164], [171, 172], [205, 210], [259, 260], [259, 262], [260, 259], [260, 261]], "functions": {"CheckpointMeta.from_dict": {"executed_lines": [], "summary": {"covered_lines": 0, "num_statements": 1, "percent_covered": 0.0, "percent_covered_display": "0", "missing_lines": 1, "excluded_lines": 0, "percent_statements_covered": 0.0, "percent_statements_covered_display": "0", "num_branches": 0, "num_partial_branches": 0, "covered_branches": 0, "missing_branches": 0, "percent_branches_covered": 100.0, "percent_branches_covered_display": "100"}, "missing_lines": [127], "excluded_lines": [], "start_line": 126, "executed_branches": [], "missing_branches": []}, "CheckpointClient.__init__": {"executed_lines": [160, 161, 162], "summary": {"covered_lines": 3, "num_statements": 5, "percent_covered": 57.142857142857146, "percent_covered_display": "57", "missing_lines": 2, "excluded_lines": 0, "percent_statements_covered": 60.0, "percent_statements_covered_display": "60", "num_branches": 2, "num_partial_branches": 1, "covered_branches": 1, "missing_branches": 1, "percent_branches_covered": 50.0, "percent_branches_covered_display": "50"}, "missing_lines": [164, 167], "excluded_lines": [], "start_line": 153, "executed_branches": [[160, 161]], "missing_branches": [[160, 164]]}, "CheckpointClient._check_binding": {"executed_lines": [171], "summary": {"covered_lines": 1, "num_statements": 2, "percent_covered": 50.0, "percent_covered_display": "50", "missing_lines": 1, "excluded_lines": 0, "percent_statements_covered": 50.0, "percent_statements_covered_display": "50", "num_branches": 2, "num_partial_branches": 1, "covered_branches": 1, "missing_branches": 1, "percent_branches_covered": 50.0, "percent_branches_covered_display": "50"}, "missing_lines": [172], "excluded_lines": [], "start_line": 169, "executed_branches": [[171, -169]], "missing_branches": [[171, 172]]}, "CheckpointClient.save": {"executed_lines": [187, 188, 189], "summary": {"covered_lines": 3, "num_statements": 3, "percent_covered": 100.0, "percent_covered_display": "100", "missing_lines": 0, "excluded_lines": 0, "percent_statements_covered": 100.0, "percent_statements_covered_display": "100", "num_branches": 0, "num_partial_branches": 0, "covered_branches": 0, "missing_branches": 0, "percent_branches_covered": 100.0, "percent_branches_covered_display": "100"}, "missing_lines": [], "excluded_lines": [], "start_line": 177, "executed_branches": [], "missing_branches": []}, "CheckpointClient.load": {"executed_lines": [203, 204, 205, 206, 207], "summary": {"covered_lines": 5, "num_statements": 8, "percent_covered": 60.0, "percent_covered_display": "60", "missing_lines": 3, "excluded_lines": 0, "percent_statements_covered": 62.5, "percent_statements_covered_display": "62", "num_branches": 2, "num_partial_branches": 1, "covered_branches": 1, "missing_branches": 1, "percent_branches_covered": 50.0, "percent_branches_covered_display": "50"}, "missing_lines": [208, 209, 210], "excluded_lines": [], "start_line": 191, "executed_branches": [[205, 206]], "missing_branches": [[205, 210]]}, "CheckpointClient.list": {"executed_lines": [221, 222], "summary": {"covered_lines": 2, "num_statements": 2, "percent_covered": 100.0, "percent_covered_display": "100", "missing_lines": 0, "excluded_lines": 0, "percent_statements_covered": 100.0, "percent_statements_covered_display": "100", "num_branches": 0, "num_partial_branches": 0, "covered_branches": 0, "missing_branches": 0, "percent_branches_covered": 100.0, "percent_branches_covered_display": "100"}, "missing_lines": [], "excluded_lines": [], "start_line": 212, "executed_branches": [], "missing_branches": []}, "CheckpointClient.delete": {"executed_lines": [], "summary": {"covered_lines": 0, "num_statements": 2, "percent_covered": 0.0, "percent_covered_display": "0", "missing_lines": 2, "excluded_lines": 0, "percent_statements_covered": 0.0, "percent_statements_covered_display": "0", "num_branches": 0, "num_partial_branches": 0, "covered_branches": 0, "missing_branches": 0, "percent_branches_covered": 100.0, "percent_branches_covered_display": "100"}, "missing_lines": [234, 235], "excluded_lines": [], "start_line": 224, "executed_branches": [], "missing_branches": []}, "CheckpointClient.has_checkpoints": {"executed_lines": [246], "summary": {"covered_lines": 1, "num_statements": 1, "percent_covered": 100.0, "percent_covered_display": "100", "missing_lines": 0, "excluded_lines": 0, "percent_statements_covered": 100.0, "percent_statements_covered_display": "100", "num_branches": 0, "num_partial_branches": 0, "covered_branches": 0, "missing_branches": 0, "percent_branches_covered": 100.0, "percent_branches_covered_display": "100"}, "missing_lines": [], "excluded_lines": [], "start_line": 237, "executed_branches": [], "missing_branches": []}, "CheckpointClient.clear_session": {"executed_lines": [], "summary": {"covered_lines": 0, "num_statements": 6, "percent_covered": 0.0, "percent_covered_display": "0", "missing_lines": 6, "excluded_lines": 0, "percent_statements_covered": 0.0, "percent_statements_covered_display": "0", "num_branches": 4, "num_partial_branches": 0, "covered_branches": 0, "missing_branches": 4, "percent_branches_covered": 0.0, "percent_branches_covered_display": "0"}, "missing_lines": [257, 258, 259, 260, 261, 262], "excluded_lines": [], "start_line": 248, "executed_branches": [], "missing_branches": [[259, 260], [259, 262], [260, 259], [260, 261]]}, "": {"executed_lines": [96, 97, 98, 99, 100, 103, 104, 106, 115, 116, 119, 120, 121, 122, 123, 125, 126, 138, 151, 153, 169, 177, 191, 212, 224, 237, 248], "summary": {"covered_lines": 27, "num_statements": 31, "percent_covered": 87.09677419354838, "percent_covered_display": "87", "missing_lines": 4, "excluded_lines": 0, "percent_statements_covered": 87.09677419354838, "percent_statements_covered_display": "87", "num_branches": 0, "num_partial_branches": 0, "covered_branches": 0, "missing_branches": 0, "percent_branches_covered": 100.0, "percent_branches_covered_display": "100"}, "missing_lines": [107, 108, 111, 112], "excluded_lines": [], "start_line": 1, "executed_branches": [], "missing_branches": []}}, "classes": {"CheckpointMeta": {"executed_lines": [], "summary": {"covered_lines": 0, "num_statements": 1, "percent_covered": 0.0, "percent_covered_display": "0", "missing_lines": 1, "excluded_lines": 0, "percent_statements_covered": 0.0, "percent_statements_covered_display": "0", "num_branches": 0, "num_partial_branches": 0, "covered_branches": 0, "missing_branches": 0, "percent_branches_covered": 100.0, "percent_branches_covered_display": "100"}, "missing_lines": [127], "excluded_lines": [], "start_line": 116, "executed_branches": [], "missing_branches": []}, "CheckpointClient": {"executed_lines": [160, 161, 162, 171, 187, 188, 189, 203, 204, 205, 206, 207, 221, 222, 246], "summary": {"covered_lines": 15, "num_statements": 29, "percent_covered": 46.15384615384615, "percent_covered_display": "46", "missing_lines": 14, "excluded_lines": 0, "percent_statements_covered": 51.724137931034484, "percent_statements_covered_display": "52", "num_branches": 10, "num_partial_branches": 3, "covered_branches": 3, "missing_branches": 7, "percent_branches_covered": 30.0, "percent_branches_covered_display": "30"}, "missing_lines": [164, 167, 172, 208, 209, 210, 234, 235, 257, 258, 259, 260, 261, 262], "excluded_lines": [], "start_line": 138, "executed_branches": [[160, 161], [171, -169], [205, 206]], "missing_branches": [[160, 164], [171, 172], [205, 210], [259, 260], [259, 262], [260, 259], [260, 261]]}, "": {"executed_lines": [96, 97, 98, 99, 100, 103, 104, 106, 115, 116, 119, 120, 121, 122, 123, 125, 126, 138, 151, 153, 169, 177, 191, 212, 224, 237, 248], "summary": {"covered_lines": 27, "num_statements": 31, "percent_covered": 87.09677419354838, "percent_covered_display": "87", "missing_lines": 4, "excluded_lines": 0, "percent_statements_covered": 87.09677419354838, "percent_statements_covered_display": "87", "num_branches": 0, "num_partial_branches": 0, "covered_branches": 0, "missing_branches": 0, "percent_branches_covered": 100.0, "percent_branches_covered_display": "100"}, "missing_lines": [107, 108, 111, 112], "excluded_lines": [], "start_line": 1, "executed_branches": [], "missing_branches": []}}}, "python\\continuum_sdk\\agent\\intelligent.py": {"executed_lines": [77, 79, 80, 81, 82, 83, 84, 86, 87, 88, 89, 92, 95, 96, 97, 100, 101, 104, 105, 106, 107, 108, 109, 110, 111, 112, 113, 115, 116, 129, 147, 171, 172, 173, 174, 175, 176, 177, 180, 181, 182, 183, 184, 187, 188, 191, 192, 194, 196, 197, 198, 200, 206, 207, 211, 219, 221, 233, 234, 237, 238, 240, 242, 264, 265, 266, 267, 269, 270, 272, 273, 276, 279, 281, 283, 285, 286, 287, 290, 293, 294, 301, 304, 305, 306, 307, 308, 309, 310, 311, 314, 319, 320, 322, 323, 325, 326, 327, 328, 330, 331, 332, 336, 338, 345, 350, 353, 362, 363, 367, 368, 369, 370, 373, 374, 393, 394, 395, 397, 404, 408, 409, 411, 412, 414, 425, 437, 440, 445, 453, 455, 457, 461, 462, 464, 465, 469, 471, 473, 475, 477, 486, 488, 494, 496, 499, 501, 505, 507, 513, 515, 517, 519, 523, 525, 531, 533, 535, 537, 539, 540, 542, 545, 547, 548, 549, 552, 553, 554, 556, 558, 560, 563, 564, 565, 566, 568, 579, 580, 582, 584, 586, 588, 590, 592, 593, 595, 596, 597, 605, 607, 608, 609, 613], "summary": {"covered_lines": 194, "num_statements": 232, "percent_covered": 80.26315789473684, "percent_covered_display": "80", "missing_lines": 38, "excluded_lines": 0, "percent_statements_covered": 83.62068965517241, "percent_statements_covered_display": "84", "num_branches": 72, "num_partial_branches": 10, "covered_branches": 50, "missing_branches": 22, "percent_branches_covered": 69.44444444444444, "percent_branches_covered_display": "69"}, "missing_lines": [297, 298, 316, 333, 334, 354, 355, 356, 357, 360, 376, 377, 378, 379, 381, 383, 384, 385, 386, 387, 388, 389, 390, 398, 399, 400, 401, 405, 441, 442, 443, 446, 447, 448, 449, 451, 458, 459], "excluded_lines": [], "executed_branches": [[191, -147], [191, 192], [196, 197], [196, 219], [197, 198], [197, 206], [206, 207], [206, 211], [264, 265], [264, 266], [266, 267], [266, 269], [269, 270], [269, 272], [283, 285], [283, 301], [286, 287], [286, 290], [293, 294], [304, 305], [304, 314], [306, 307], [314, 319], [330, 279], [330, 331], [353, 362], [362, 363], [363, 367], [363, 393], [397, 404], [404, 279], [440, 445], [445, 453], [453, 455], [453, 457], [457, 461], [461, 462], [461, 464], [464, 465], [464, 469], [548, 549], [548, 552], [553, 554], [553, 556], [564, 565], [564, 566], [592, 593], [592, 595], [596, 597], [596, 607]], "missing_branches": [[293, 297], [306, 314], [314, 316], [353, 354], [354, 355], [354, 393], [362, 376], [376, 377], [376, 381], [381, 383], [381, 393], [383, 384], [383, 393], [385, 386], [385, 393], [397, 398], [404, 405], [440, 441], [445, 446], [448, 449], [448, 451], [457, 458]], "functions": {"ExecutionResult.to_dict": {"executed_lines": [116], "summary": {"covered_lines": 1, "num_statements": 1, "percent_covered": 100.0, "percent_covered_display": "100", "missing_lines": 0, "excluded_lines": 0, "percent_statements_covered": 100.0, "percent_statements_covered_display": "100", "num_branches": 0, "num_partial_branches": 0, "covered_branches": 0, "missing_branches": 0, "percent_branches_covered": 100.0, "percent_branches_covered_display": "100"}, "missing_lines": [], "excluded_lines": [], "start_line": 115, "executed_branches": [], "missing_branches": []}, "IntelligentAgent.__init__": {"executed_lines": [171, 172, 173, 174, 175, 176, 177, 180, 181, 182, 183, 184, 187, 188, 191, 192], "summary": {"covered_lines": 16, "num_statements": 16, "percent_covered": 100.0, "percent_covered_display": "100", "missing_lines": 0, "excluded_lines": 0, "percent_statements_covered": 100.0, "percent_statements_covered_display": "100", "num_branches": 2, "num_partial_branches": 0, "covered_branches": 2, "missing_branches": 0, "percent_branches_covered": 100.0, "percent_branches_covered_display": "100"}, "missing_lines": [], "excluded_lines": [], "start_line": 147, "executed_branches": [[191, -147], [191, 192]], "missing_branches": []}, "IntelligentAgent._get_llm_client": {"executed_lines": [196, 197, 198, 200, 206, 207, 211, 219], "summary": {"covered_lines": 8, "num_statements": 8, "percent_covered": 100.0, "percent_covered_display": "100", "missing_lines": 0, "excluded_lines": 0, "percent_statements_covered": 100.0, "percent_statements_covered_display": "100", "num_branches": 6, "num_partial_branches": 0, "covered_branches": 6, "missing_branches": 0, "percent_branches_covered": 100.0, "percent_branches_covered_display": "100"}, "missing_lines": [], "excluded_lines": [], "start_line": 194, "executed_branches": [[196, 197], [196, 219], [197, 198], [197, 206], [206, 207], [206, 211]], "missing_branches": []}, "IntelligentAgent.plan": {"executed_lines": [233, 234, 237, 238, 240], "summary": {"covered_lines": 5, "num_statements": 5, "percent_covered": 100.0, "percent_covered_display": "100", "missing_lines": 0, "excluded_lines": 0, "percent_statements_covered": 100.0, "percent_statements_covered_display": "100", "num_branches": 0, "num_partial_branches": 0, "covered_branches": 0, "missing_branches": 0, "percent_branches_covered": 100.0, "percent_branches_covered_display": "100"}, "missing_lines": [], "excluded_lines": [], "start_line": 221, "executed_branches": [], "missing_branches": []}, "IntelligentAgent.execute": {"executed_lines": [264, 265, 266, 267, 269, 270, 272, 273, 276, 279, 281, 283, 285, 286, 287, 290, 293, 294, 301, 304, 305, 306, 307, 308, 309, 310, 311, 314, 319, 320, 322, 323, 325, 326, 327, 328, 330, 331, 332, 336, 338, 345, 350, 353, 362, 363, 367, 368, 369, 370, 373, 374, 393, 394, 395, 397, 404, 408, 409, 411, 412, 414], "summary": {"covered_lines": 62, "num_statements": 90, "percent_covered": 65.38461538461539, "percent_covered_display": "65", "missing_lines": 28, "excluded_lines": 0, "percent_statements_covered": 68.88888888888889, "percent_statements_covered_display": "69", "num_branches": 40, "num_partial_branches": 7, "covered_branches": 23, "missing_branches": 17, "percent_branches_covered": 57.5, "percent_branches_covered_display": "58"}, "missing_lines": [297, 298, 316, 333, 334, 354, 355, 356, 357, 360, 376, 377, 378, 379, 381, 383, 384, 385, 386, 387, 388, 389, 390, 398, 399, 400, 401, 405], "excluded_lines": [], "start_line": 242, "executed_branches": [[264, 265], [264, 266], [266, 267], [266, 269], [269, 270], [269, 272], [283, 285], [283, 301], [286, 287], [286, 290], [293, 294], [304, 305], [304, 314], [306, 307], [314, 319], [330, 279], [330, 331], [353, 362], [362, 363], [363, 367], [363, 393], [397, 404], [404, 279]], "missing_branches": [[293, 297], [306, 314], [314, 316], [353, 354], [354, 355], [354, 393], [362, 376], [376, 377], [376, 381], [381, 383], [381, 393], [383, 384], [383, 393], [385, 386], [385, 393], [397, 398], [404, 405]]}, "IntelligentAgent._execute_step": {"executed_lines": [437, 440, 445, 453, 455, 457, 461, 462, 464, 465, 469, 471], "summary": {"covered_lines": 12, "num_statements": 22, "percent_covered": 58.333333333333336, "percent_covered_display": "58", "missing_lines": 10, "excluded_lines": 0, "percent_statements_covered": 54.54545454545455, "percent_statements_covered_display": "55", "num_branches": 14, "num_partial_branches": 3, "covered_branches": 9, "missing_branches": 5, "percent_branches_covered": 64.28571428571429, "percent_branches_covered_display": "64"}, "missing_lines": [441, 442, 443, 446, 447, 448, 449, 451, 458, 459], "excluded_lines": [], "start_line": 425, "executed_branches": [[440, 445], [445, 453], [453, 455], [453, 457], [457, 461], [461, 462], [461, 464], [464, 465], [464, 469]], "missing_branches": [[440, 441], [445, 446], [448, 449], [448, 451], [457, 458]]}, "IntelligentAgent._llm_analyze": {"executed_lines": [475, 477, 486, 488, 494], "summary": {"covered_lines": 5, "num_statements": 5, "percent_covered": 100.0, "percent_covered_display": "100", "missing_lines": 0, "excluded_lines": 0, "percent_statements_covered": 100.0, "percent_statements_covered_display": "100", "num_branches": 0, "num_partial_branches": 0, "covered_branches": 0, "missing_branches": 0, "percent_branches_covered": 100.0, "percent_branches_covered_display": "100"}, "missing_lines": [], "excluded_lines": [], "start_line": 473, "executed_branches": [], "missing_branches": []}, "IntelligentAgent._llm_edit": {"executed_lines": [499, 501, 505, 507, 513], "summary": {"covered_lines": 5, "num_statements": 5, "percent_covered": 100.0, "percent_covered_display": "100", "missing_lines": 0, "excluded_lines": 0, "percent_statements_covered": 100.0, "percent_statements_covered_display": "100", "num_branches": 0, "num_partial_branches": 0, "covered_branches": 0, "missing_branches": 0, "percent_branches_covered": 100.0, "percent_branches_covered_display": "100"}, "missing_lines": [], "excluded_lines": [], "start_line": 496, "executed_branches": [], "missing_branches": []}, "IntelligentAgent._llm_verify": {"executed_lines": [517, 519, 523, 525, 531], "summary": {"covered_lines": 5, "num_statements": 5, "percent_covered": 100.0, "percent_covered_display": "100", "missing_lines": 0, "excluded_lines": 0, "percent_statements_covered": 100.0, "percent_statements_covered_display": "100", "num_branches": 0, "num_partial_branches": 0, "covered_branches": 0, "missing_branches": 0, "percent_branches_covered": 100.0, "percent_branches_covered_display": "100"}, "missing_lines": [], "excluded_lines": [], "start_line": 515, "executed_branches": [], "missing_branches": []}, "IntelligentAgent._llm_execute": {"executed_lines": [535, 537, 539, 540], "summary": {"covered_lines": 4, "num_statements": 4, "percent_covered": 100.0, "percent_covered_display": "100", "missing_lines": 0, "excluded_lines": 0, "percent_statements_covered": 100.0, "percent_statements_covered_display": "100", "num_branches": 0, "num_partial_branches": 0, "covered_branches": 0, "missing_branches": 0, "percent_branches_covered": 100.0, "percent_branches_covered_display": "100"}, "missing_lines": [], "excluded_lines": [], "start_line": 533, "executed_branches": [], "missing_branches": []}, "IntelligentAgent._extract_pattern": {"executed_lines": [545, 547, 548, 549, 552, 553, 554, 556], "summary": {"covered_lines": 8, "num_statements": 8, "percent_covered": 100.0, "percent_covered_display": "100", "missing_lines": 0, "excluded_lines": 0, "percent_statements_covered": 100.0, "percent_statements_covered_display": "100", "num_branches": 4, "num_partial_branches": 0, "covered_branches": 4, "missing_branches": 0, "percent_branches_covered": 100.0, "percent_branches_covered_display": "100"}, "missing_lines": [], "excluded_lines": [], "start_line": 542, "executed_branches": [[548, 549], [548, 552], [553, 554], [553, 556]], "missing_branches": []}, "IntelligentAgent._extract_file": {"executed_lines": [560, 563, 564, 565, 566], "summary": {"covered_lines": 5, "num_statements": 5, "percent_covered": 100.0, "percent_covered_display": "100", "missing_lines": 0, "excluded_lines": 0, "percent_statements_covered": 100.0, "percent_statements_covered_display": "100", "num_branches": 2, "num_partial_branches": 0, "covered_branches": 2, "missing_branches": 0, "percent_branches_covered": 100.0, "percent_branches_covered_display": "100"}, "missing_lines": [], "excluded_lines": [], "start_line": 558, "executed_branches": [[564, 565], [564, 566]], "missing_branches": []}, "IntelligentAgent.run": {"executed_lines": [579, 580], "summary": {"covered_lines": 2, "num_statements": 2, "percent_covered": 100.0, "percent_covered_display": "100", "missing_lines": 0, "excluded_lines": 0, "percent_statements_covered": 100.0, "percent_statements_covered_display": "100", "num_branches": 0, "num_partial_branches": 0, "covered_branches": 0, "missing_branches": 0, "percent_branches_covered": 100.0, "percent_branches_covered_display": "100"}, "missing_lines": [], "excluded_lines": [], "start_line": 568, "executed_branches": [], "missing_branches": []}, "IntelligentAgent.get_progress": {"executed_lines": [584], "summary": {"covered_lines": 1, "num_statements": 1, "percent_covered": 100.0, "percent_covered_display": "100", "missing_lines": 0, "excluded_lines": 0, "percent_statements_covered": 100.0, "percent_statements_covered_display": "100", "num_branches": 0, "num_partial_branches": 0, "covered_branches": 0, "missing_branches": 0, "percent_branches_covered": 100.0, "percent_branches_covered_display": "100"}, "missing_lines": [], "excluded_lines": [], "start_line": 582, "executed_branches": [], "missing_branches": []}, "IntelligentAgent.get_progress_text": {"executed_lines": [588], "summary": {"covered_lines": 1, "num_statements": 1, "percent_covered": 100.0, "percent_covered_display": "100", "missing_lines": 0, "excluded_lines": 0, "percent_statements_covered": 100.0, "percent_statements_covered_display": "100", "num_branches": 0, "num_partial_branches": 0, "covered_branches": 0, "missing_branches": 0, "percent_branches_covered": 100.0, "percent_branches_covered_display": "100"}, "missing_lines": [], "excluded_lines": [], "start_line": 586, "executed_branches": [], "missing_branches": []}, "IntelligentAgent.get_plan_summary": {"executed_lines": [592, 593, 595, 596, 597, 605, 607, 608, 609, 613], "summary": {"covered_lines": 10, "num_statements": 10, "percent_covered": 100.0, "percent_covered_display": "100", "missing_lines": 0, "excluded_lines": 0, "percent_statements_covered": 100.0, "percent_statements_covered_display": "100", "num_branches": 4, "num_partial_branches": 0, "covered_branches": 4, "missing_branches": 0, "percent_branches_covered": 100.0, "percent_branches_covered_display": "100"}, "missing_lines": [], "excluded_lines": [], "start_line": 590, "executed_branches": [[592, 593], [592, 595], [596, 597], [596, 607]], "missing_branches": []}, "": {"executed_lines": [77, 79, 80, 81, 82, 83, 84, 86, 87, 88, 89, 92, 95, 96, 97, 100, 101, 104, 105, 106, 107, 108, 109, 110, 111, 112, 113, 115, 129, 147, 194, 221, 242, 425, 473, 496, 515, 533, 542, 558, 568, 582, 586, 590], "summary": {"covered_lines": 44, "num_statements": 44, "percent_covered": 100.0, "percent_covered_display": "100", "missing_lines": 0, "excluded_lines": 0, "percent_statements_covered": 100.0, "percent_statements_covered_display": "100", "num_branches": 0, "num_partial_branches": 0, "covered_branches": 0, "missing_branches": 0, "percent_branches_covered": 100.0, "percent_branches_covered_display": "100"}, "missing_lines": [], "excluded_lines": [], "start_line": 1, "executed_branches": [], "missing_branches": []}}, "classes": {"AgentMode": {"executed_lines": [], "summary": {"covered_lines": 0, "num_statements": 0, "percent_covered": 100.0, "percent_covered_display": "100", "missing_lines": 0, "excluded_lines": 0, "percent_statements_covered": 100.0, "percent_statements_covered_display": "100", "num_branches": 0, "num_partial_branches": 0, "covered_branches": 0, "missing_branches": 0, "percent_branches_covered": 100.0, "percent_branches_covered_display": "100"}, "missing_lines": [], "excluded_lines": [], "start_line": 92, "executed_branches": [], "missing_branches": []}, "ExecutionResult": {"executed_lines": [116], "summary": {"covered_lines": 1, "num_statements": 1, "percent_covered": 100.0, "percent_covered_display": "100", "missing_lines": 0, "excluded_lines": 0, "percent_statements_covered": 100.0, "percent_statements_covered_display": "100", "num_branches": 0, "num_partial_branches": 0, "covered_branches": 0, "missing_branches": 0, "percent_branches_covered": 100.0, "percent_branches_covered_display": "100"}, "missing_lines": [], "excluded_lines": [], "start_line": 101, "executed_branches": [], "missing_branches": []}, "IntelligentAgent": {"executed_lines": [171, 172, 173, 174, 175, 176, 177, 180, 181, 182, 183, 184, 187, 188, 191, 192, 196, 197, 198, 200, 206, 207, 211, 219, 233, 234, 237, 238, 240, 264, 265, 266, 267, 269, 270, 272, 273, 276, 279, 281, 283, 285, 286, 287, 290, 293, 294, 301, 304, 305, 306, 307, 308, 309, 310, 311, 314, 319, 320, 322, 323, 325, 326, 327, 328, 330, 331, 332, 336, 338, 345, 350, 353, 362, 363, 367, 368, 369, 370, 373, 374, 393, 394, 395, 397, 404, 408, 409, 411, 412, 414, 437, 440, 445, 453, 455, 457, 461, 462, 464, 465, 469, 471, 475, 477, 486, 488, 494, 499, 501, 505, 507, 513, 517, 519, 523, 525, 531, 535, 537, 539, 540, 545, 547, 548, 549, 552, 553, 554, 556, 560, 563, 564, 565, 566, 579, 580, 584, 588, 592, 593, 595, 596, 597, 605, 607, 608, 609, 613], "summary": {"covered_lines": 149, "num_statements": 187, "percent_covered": 76.83397683397683, "percent_covered_display": "77", "missing_lines": 38, "excluded_lines": 0, "percent_statements_covered": 79.67914438502673, "percent_statements_covered_display": "80", "num_branches": 72, "num_partial_branches": 10, "covered_branches": 50, "missing_branches": 22, "percent_branches_covered": 69.44444444444444, "percent_branches_covered_display": "69"}, "missing_lines": [297, 298, 316, 333, 334, 354, 355, 356, 357, 360, 376, 377, 378, 379, 381, 383, 384, 385, 386, 387, 388, 389, 390, 398, 399, 400, 401, 405, 441, 442, 443, 446, 447, 448, 449, 451, 458, 459], "excluded_lines": [], "start_line": 129, "executed_branches": [[191, -147], [191, 192], [196, 197], [196, 219], [197, 198], [197, 206], [206, 207], [206, 211], [264, 265], [264, 266], [266, 267], [266, 269], [269, 270], [269, 272], [283, 285], [283, 301], [286, 287], [286, 290], [293, 294], [304, 305], [304, 314], [306, 307], [314, 319], [330, 279], [330, 331], [353, 362], [362, 363], [363, 367], [363, 393], [397, 404], [404, 279], [440, 445], [445, 453], [453, 455], [453, 457], [457, 461], [461, 462], [461, 464], [464, 465], [464, 469], [548, 549], [548, 552], [553, 554], [553, 556], [564, 565], [564, 566], [592, 593], [592, 595], [596, 597], [596, 607]], "missing_branches": [[293, 297], [306, 314], [314, 316], [353, 354], [354, 355], [354, 393], [362, 376], [376, 377], [376, 381], [381, 383], [381, 393], [383, 384], [383, 393], [385, 386], [385, 393], [397, 398], [404, 405], [440, 441], [445, 446], [448, 449], [448, 451], [457, 458]]}, "": {"executed_lines": [77, 79, 80, 81, 82, 83, 84, 86, 87, 88, 89, 92, 95, 96, 97, 100, 101, 104, 105, 106, 107, 108, 109, 110, 111, 112, 113, 115, 129, 147, 194, 221, 242, 425, 473, 496, 515, 533, 542, 558, 568, 582, 586, 590], "summary": {"covered_lines": 44, "num_statements": 44, "percent_covered": 100.0, "percent_covered_display": "100", "missing_lines": 0, "excluded_lines": 0, "percent_statements_covered": 100.0, "percent_statements_covered_display": "100", "num_branches": 0, "num_partial_branches": 0, "covered_branches": 0, "missing_branches": 0, "percent_branches_covered": 100.0, "percent_branches_covered_display": "100"}, "missing_lines": [], "excluded_lines": [], "start_line": 1, "executed_branches": [], "missing_branches": []}}}, "python\\continuum_sdk\\agent\\planner.py": {"executed_lines": [62, 63, 64, 65, 66, 67, 73, 76, 77, 78, 79, 80, 81, 84, 87, 88, 89, 90, 91, 92, 93, 94, 95, 98, 99, 119, 120, 121, 122, 123, 124, 125, 126, 127, 128, 129, 130, 131, 133, 134, 149, 150, 164, 165, 166, 167, 168, 169, 170, 172, 174, 175, 176, 177, 179, 181, 186, 187, 188, 189, 191, 192, 193, 195, 197, 198, 199, 200, 201, 202, 204, 214, 215, 226, 234, 260, 287, 288, 290, 301, 303, 304, 307, 308, 309, 310, 311, 312, 317, 318, 320, 322, 326, 329, 331, 347, 348, 351, 353, 354, 362, 364, 365, 366, 367, 369, 370, 372, 374, 380, 383, 386, 387, 389, 390, 391, 397, 398, 400, 402, 404, 406, 407, 408, 409, 411, 413, 421, 432, 443, 445, 453, 455, 456, 458, 459, 460, 468, 470, 472, 482, 483, 491, 492], "summary": {"covered_lines": 144, "num_statements": 148, "percent_covered": 96.62921348314607, "percent_covered_display": "97", "missing_lines": 4, "excluded_lines": 2, "percent_statements_covered": 97.29729729729729, "percent_statements_covered_display": "97", "num_branches": 30, "num_partial_branches": 2, "covered_branches": 28, "missing_branches": 2, "percent_branches_covered": 93.33333333333333, "percent_branches_covered_display": "93"}, "missing_lines": [313, 314, 327, 349], "excluded_lines": [69, 70], "executed_branches": [[174, 175], [174, 177], [175, 174], [175, 176], [187, 188], [187, 193], [188, 189], [188, 191], [191, 187], [191, 192], [307, 308], [307, 317], [310, 311], [310, 317], [326, 329], [348, 351], [365, 366], [365, 372], [389, 390], [389, 400], [406, 407], [406, 411], [407, 406], [407, 408], [408, 407], [408, 409], [458, 459], [458, 470]], "missing_branches": [[326, 327], [348, 349]], "functions": {"Step.to_dict": {"executed_lines": [134], "summary": {"covered_lines": 1, "num_statements": 1, "percent_covered": 100.0, "percent_covered_display": "100", "missing_lines": 0, "excluded_lines": 0, "percent_statements_covered": 100.0, "percent_statements_covered_display": "100", "num_branches": 0, "num_partial_branches": 0, "covered_branches": 0, "missing_branches": 0, "percent_branches_covered": 100.0, "percent_branches_covered_display": "100"}, "missing_lines": [], "excluded_lines": [], "start_line": 133, "executed_branches": [], "missing_branches": []}, "Plan.get_step": {"executed_lines": [174, 175, 176, 177], "summary": {"covered_lines": 4, "num_statements": 4, "percent_covered": 100.0, "percent_covered_display": "100", "missing_lines": 0, "excluded_lines": 0, "percent_statements_covered": 100.0, "percent_statements_covered_display": "100", "num_branches": 4, "num_partial_branches": 0, "covered_branches": 4, "missing_branches": 0, "percent_branches_covered": 100.0, "percent_branches_covered_display": "100"}, "missing_lines": [], "excluded_lines": [], "start_line": 172, "executed_branches": [[174, 175], [174, 177], [175, 174], [175, 176]], "missing_branches": []}, "Plan.get_pending_steps": {"executed_lines": [181, 186, 187, 188, 189, 191, 192, 193], "summary": {"covered_lines": 8, "num_statements": 8, "percent_covered": 100.0, "percent_covered_display": "100", "missing_lines": 0, "excluded_lines": 0, "percent_statements_covered": 100.0, "percent_statements_covered_display": "100", "num_branches": 6, "num_partial_branches": 0, "covered_branches": 6, "missing_branches": 0, "percent_branches_covered": 100.0, "percent_branches_covered_display": "100"}, "missing_lines": [], "excluded_lines": [], "start_line": 179, "executed_branches": [[187, 188], [187, 193], [188, 189], [188, 191], [191, 187], [191, 192]], "missing_branches": []}, "Plan.get_progress": {"executed_lines": [197, 198, 199, 200, 201, 202, 204], "summary": {"covered_lines": 7, "num_statements": 7, "percent_covered": 100.0, "percent_covered_display": "100", "missing_lines": 0, "excluded_lines": 0, "percent_statements_covered": 100.0, "percent_statements_covered_display": "100", "num_branches": 0, "num_partial_branches": 0, "covered_branches": 0, "missing_branches": 0, "percent_branches_covered": 100.0, "percent_branches_covered_display": "100"}, "missing_lines": [], "excluded_lines": [], "start_line": 195, "executed_branches": [], "missing_branches": []}, "Plan.to_dict": {"executed_lines": [215], "summary": {"covered_lines": 1, "num_statements": 1, "percent_covered": 100.0, "percent_covered_display": "100", "missing_lines": 0, "excluded_lines": 0, "percent_statements_covered": 100.0, "percent_statements_covered_display": "100", "num_branches": 0, "num_partial_branches": 0, "covered_branches": 0, "missing_branches": 0, "percent_branches_covered": 100.0, "percent_branches_covered_display": "100"}, "missing_lines": [], "excluded_lines": [], "start_line": 214, "executed_branches": [], "missing_branches": []}, "Planner.__init__": {"executed_lines": [288], "summary": {"covered_lines": 1, "num_statements": 1, "percent_covered": 100.0, "percent_covered_display": "100", "missing_lines": 0, "excluded_lines": 0, "percent_statements_covered": 100.0, "percent_statements_covered_display": "100", "num_branches": 0, "num_partial_branches": 0, "covered_branches": 0, "missing_branches": 0, "percent_branches_covered": 100.0, "percent_branches_covered_display": "100"}, "missing_lines": [], "excluded_lines": [], "start_line": 287, "executed_branches": [], "missing_branches": []}, "Planner.plan": {"executed_lines": [301, 303, 304, 307, 308, 309, 310, 311, 312, 317, 318, 320], "summary": {"covered_lines": 12, "num_statements": 14, "percent_covered": 88.88888888888889, "percent_covered_display": "89", "missing_lines": 2, "excluded_lines": 0, "percent_statements_covered": 85.71428571428571, "percent_statements_covered_display": "86", "num_branches": 4, "num_partial_branches": 0, "covered_branches": 4, "missing_branches": 0, "percent_branches_covered": 100.0, "percent_branches_covered_display": "100"}, "missing_lines": [313, 314], "excluded_lines": [], "start_line": 290, "executed_branches": [[307, 308], [307, 317], [310, 311], [310, 317]], "missing_branches": []}, "Planner._plan_with_llm": {"executed_lines": [326, 329, 331, 347, 348, 351, 353, 354, 362, 364, 365, 366, 367, 369, 370, 372], "summary": {"covered_lines": 16, "num_statements": 18, "percent_covered": 83.33333333333333, "percent_covered_display": "83", "missing_lines": 2, "excluded_lines": 0, "percent_statements_covered": 88.88888888888889, "percent_statements_covered_display": "89", "num_branches": 6, "num_partial_branches": 2, "covered_branches": 4, "missing_branches": 2, "percent_branches_covered": 66.66666666666667, "percent_branches_covered_display": "67"}, "missing_lines": [327, 349], "excluded_lines": [], "start_line": 322, "executed_branches": [[326, 329], [348, 351], [365, 366], [365, 372]], "missing_branches": [[326, 327], [348, 349]]}, "Planner._plan_with_patterns": {"executed_lines": [380, 383, 386, 387, 389, 390, 391, 397, 398, 400], "summary": {"covered_lines": 10, "num_statements": 10, "percent_covered": 100.0, "percent_covered_display": "100", "missing_lines": 0, "excluded_lines": 0, "percent_statements_covered": 100.0, "percent_statements_covered_display": "100", "num_branches": 2, "num_partial_branches": 0, "covered_branches": 2, "missing_branches": 0, "percent_branches_covered": 100.0, "percent_branches_covered_display": "100"}, "missing_lines": [], "excluded_lines": [], "start_line": 374, "executed_branches": [[389, 390], [389, 400]], "missing_branches": []}, "Planner._detect_task_type": {"executed_lines": [404, 406, 407, 408, 409, 411], "summary": {"covered_lines": 6, "num_statements": 6, "percent_covered": 100.0, "percent_covered_display": "100", "missing_lines": 0, "excluded_lines": 0, "percent_statements_covered": 100.0, "percent_statements_covered_display": "100", "num_branches": 6, "num_partial_branches": 0, "covered_branches": 6, "missing_branches": 0, "percent_branches_covered": 100.0, "percent_branches_covered_display": "100"}, "missing_lines": [], "excluded_lines": [], "start_line": 402, "executed_branches": [[406, 407], [406, 411], [407, 406], [407, 408], [408, 407], [408, 409]], "missing_branches": []}, "Planner._create_step_from_type": {"executed_lines": [421, 432, 443, 445], "summary": {"covered_lines": 4, "num_statements": 4, "percent_covered": 100.0, "percent_covered_display": "100", "missing_lines": 0, "excluded_lines": 0, "percent_statements_covered": 100.0, "percent_statements_covered_display": "100", "num_branches": 0, "num_partial_branches": 0, "covered_branches": 0, "missing_branches": 0, "percent_branches_covered": 100.0, "percent_branches_covered_display": "100"}, "missing_lines": [], "excluded_lines": [], "start_line": 413, "executed_branches": [], "missing_branches": []}, "Planner._parse_steps": {"executed_lines": [455, 456, 458, 459, 460, 468, 470], "summary": {"covered_lines": 7, "num_statements": 7, "percent_covered": 100.0, "percent_covered_display": "100", "missing_lines": 0, "excluded_lines": 0, "percent_statements_covered": 100.0, "percent_statements_covered_display": "100", "num_branches": 2, "num_partial_branches": 0, "covered_branches": 2, "missing_branches": 0, "percent_branches_covered": 100.0, "percent_branches_covered_display": "100"}, "missing_lines": [], "excluded_lines": [], "start_line": 453, "executed_branches": [[458, 459], [458, 470]], "missing_branches": []}, "Planner.add_step": {"executed_lines": [482, 483, 491, 492], "summary": {"covered_lines": 4, "num_statements": 4, "percent_covered": 100.0, "percent_covered_display": "100", "missing_lines": 0, "excluded_lines": 0, "percent_statements_covered": 100.0, "percent_statements_covered_display": "100", "num_branches": 0, "num_partial_branches": 0, "covered_branches": 0, "missing_branches": 0, "percent_branches_covered": 100.0, "percent_branches_covered_display": "100"}, "missing_lines": [], "excluded_lines": [], "start_line": 472, "executed_branches": [], "missing_branches": []}, "": {"executed_lines": [62, 63, 64, 65, 66, 67, 73, 76, 77, 78, 79, 80, 81, 84, 87, 88, 89, 90, 91, 92, 93, 94, 95, 98, 99, 119, 120, 121, 122, 123, 124, 125, 126, 127, 128, 129, 130, 131, 133, 149, 150, 164, 165, 166, 167, 168, 169, 170, 172, 179, 195, 214, 226, 234, 260, 287, 290, 322, 374, 402, 413, 453, 472], "summary": {"covered_lines": 63, "num_statements": 63, "percent_covered": 100.0, "percent_covered_display": "100", "missing_lines": 0, "excluded_lines": 2, "percent_statements_covered": 100.0, "percent_statements_covered_display": "100", "num_branches": 0, "num_partial_branches": 0, "covered_branches": 0, "missing_branches": 0, "percent_branches_covered": 100.0, "percent_branches_covered_display": "100"}, "missing_lines": [], "excluded_lines": [69, 70], "start_line": 1, "executed_branches": [], "missing_branches": []}}, "classes": {"StepStatus": {"executed_lines": [], "summary": {"covered_lines": 0, "num_statements": 0, "percent_covered": 100.0, "percent_covered_display": "100", "missing_lines": 0, "excluded_lines": 0, "percent_statements_covered": 100.0, "percent_statements_covered_display": "100", "num_branches": 0, "num_partial_branches": 0, "covered_branches": 0, "missing_branches": 0, "percent_branches_covered": 100.0, "percent_branches_covered_display": "100"}, "missing_lines": [], "excluded_lines": [], "start_line": 73, "executed_branches": [], "missing_branches": []}, "StepType": {"executed_lines": [], "summary": {"covered_lines": 0, "num_statements": 0, "percent_covered": 100.0, "percent_covered_display": "100", "missing_lines": 0, "excluded_lines": 0, "percent_statements_covered": 100.0, "percent_statements_covered_display": "100", "num_branches": 0, "num_partial_branches": 0, "covered_branches": 0, "missing_branches": 0, "percent_branches_covered": 100.0, "percent_branches_covered_display": "100"}, "missing_lines": [], "excluded_lines": [], "start_line": 84, "executed_branches": [], "missing_branches": []}, "Step": {"executed_lines": [134], "summary": {"covered_lines": 1, "num_statements": 1, "percent_covered": 100.0, "percent_covered_display": "100", "missing_lines": 0, "excluded_lines": 0, "percent_statements_covered": 100.0, "percent_statements_covered_display": "100", "num_branches": 0, "num_partial_branches": 0, "covered_branches": 0, "missing_branches": 0, "percent_branches_covered": 100.0, "percent_branches_covered_display": "100"}, "missing_lines": [], "excluded_lines": [], "start_line": 99, "executed_branches": [], "missing_branches": []}, "Plan": {"executed_lines": [174, 175, 176, 177, 181, 186, 187, 188, 189, 191, 192, 193, 197, 198, 199, 200, 201, 202, 204, 215], "summary": {"covered_lines": 20, "num_statements": 20, "percent_covered": 100.0, "percent_covered_display": "100", "missing_lines": 0, "excluded_lines": 0, "percent_statements_covered": 100.0, "percent_statements_covered_display": "100", "num_branches": 10, "num_partial_branches": 0, "covered_branches": 10, "missing_branches": 0, "percent_branches_covered": 100.0, "percent_branches_covered_display": "100"}, "missing_lines": [], "excluded_lines": [], "start_line": 150, "executed_branches": [[174, 175], [174, 177], [175, 174], [175, 176], [187, 188], [187, 193], [188, 189], [188, 191], [191, 187], [191, 192]], "missing_branches": []}, "Planner": {"executed_lines": [288, 301, 303, 304, 307, 308, 309, 310, 311, 312, 317, 318, 320, 326, 329, 331, 347, 348, 351, 353, 354, 362, 364, 365, 366, 367, 369, 370, 372, 380, 383, 386, 387, 389, 390, 391, 397, 398, 400, 404, 406, 407, 408, 409, 411, 421, 432, 443, 445, 455, 456, 458, 459, 460, 468, 470, 482, 483, 491, 492], "summary": {"covered_lines": 60, "num_statements": 64, "percent_covered": 92.85714285714286, "percent_covered_display": "93", "missing_lines": 4, "excluded_lines": 0, "percent_statements_covered": 93.75, "percent_statements_covered_display": "94", "num_branches": 20, "num_partial_branches": 2, "covered_branches": 18, "missing_branches": 2, "percent_branches_covered": 90.0, "percent_branches_covered_display": "90"}, "missing_lines": [313, 314, 327, 349], "excluded_lines": [], "start_line": 226, "executed_branches": [[307, 308], [307, 317], [310, 311], [310, 317], [326, 329], [348, 351], [365, 366], [365, 372], [389, 390], [389, 400], [406, 407], [406, 411], [407, 406], [407, 408], [408, 407], [408, 409], [458, 459], [458, 470]], "missing_branches": [[326, 327], [348, 349]]}, "": {"executed_lines": [62, 63, 64, 65, 66, 67, 73, 76, 77, 78, 79, 80, 81, 84, 87, 88, 89, 90, 91, 92, 93, 94, 95, 98, 99, 119, 120, 121, 122, 123, 124, 125, 126, 127, 128, 129, 130, 131, 133, 149, 150, 164, 165, 166, 167, 168, 169, 170, 172, 179, 195, 214, 226, 234, 260, 287, 290, 322, 374, 402, 413, 453, 472], "summary": {"covered_lines": 63, "num_statements": 63, "percent_covered": 100.0, "percent_covered_display": "100", "missing_lines": 0, "excluded_lines": 2, "percent_statements_covered": 100.0, "percent_statements_covered_display": "100", "num_branches": 0, "num_partial_branches": 0, "covered_branches": 0, "missing_branches": 0, "percent_branches_covered": 100.0, "percent_branches_covered_display": "100"}, "missing_lines": [], "excluded_lines": [69, 70], "start_line": 1, "executed_branches": [], "missing_branches": []}}}, "python\\continuum_sdk\\agent\\progress.py": {"executed_lines": [66, 67, 68, 69, 70, 71, 74, 77, 78, 79, 80, 81, 84, 85, 88, 89, 90, 91, 92, 93, 94, 95, 98, 112, 113, 114, 115, 116, 117, 118, 119, 120, 121, 122, 123, 125, 127, 128, 129, 130, 131, 132, 133, 134, 136, 147, 155, 157, 158, 159, 160, 161, 162, 163, 166, 170, 175, 178, 179, 180, 182, 192, 193, 195, 197, 199, 201, 202, 204, 206, 207, 209, 220, 222, 223, 225, 226, 228, 230, 231, 233, 234, 235, 237, 239, 241, 242, 243, 245, 251, 252, 254, 256, 258, 259, 261, 262, 264, 265, 267, 269, 270, 280, 282, 284, 286, 287, 288, 289, 290, 292, 294, 316, 326, 327, 329, 337, 344, 346, 348, 350, 352, 354, 356], "summary": {"covered_lines": 124, "num_statements": 131, "percent_covered": 92.81045751633987, "percent_covered_display": "93", "missing_lines": 7, "excluded_lines": 0, "percent_statements_covered": 94.65648854961832, "percent_statements_covered_display": "95", "num_branches": 22, "num_partial_branches": 2, "covered_branches": 18, "missing_branches": 4, "percent_branches_covered": 81.81818181818181, "percent_branches_covered_display": "82"}, "missing_lines": [271, 272, 273, 274, 276, 277, 278], "excluded_lines": [], "executed_branches": [[157, 158], [157, 160], [160, 161], [160, 162], [162, 163], [162, 166], [166, 170], [166, 178], [201, 202], [222, 223], [222, 225], [230, 231], [230, 233], [251, 252], [251, 254], [269, 270], [286, -284], [286, 287]], "missing_branches": [[201, -199], [269, 271], [271, 272], [271, 276]], "functions": {"ProgressTracker.__init__": {"executed_lines": [113, 114, 115, 116, 117, 118, 119, 120, 121, 122, 123], "summary": {"covered_lines": 11, "num_statements": 11, "percent_covered": 100.0, "percent_covered_display": "100", "missing_lines": 0, "excluded_lines": 0, "percent_statements_covered": 100.0, "percent_statements_covered_display": "100", "num_branches": 0, "num_partial_branches": 0, "covered_branches": 0, "missing_branches": 0, "percent_branches_covered": 100.0, "percent_branches_covered_display": "100"}, "missing_lines": [], "excluded_lines": [], "start_line": 112, "executed_branches": [], "missing_branches": []}, "ProgressTracker.start": {"executed_lines": [127, 128, 129, 130, 131, 132, 133, 134, 136], "summary": {"covered_lines": 9, "num_statements": 9, "percent_covered": 100.0, "percent_covered_display": "100", "missing_lines": 0, "excluded_lines": 0, "percent_statements_covered": 100.0, "percent_statements_covered_display": "100", "num_branches": 0, "num_partial_branches": 0, "covered_branches": 0, "missing_branches": 0, "percent_branches_covered": 100.0, "percent_branches_covered_display": "100"}, "missing_lines": [], "excluded_lines": [], "start_line": 125, "executed_branches": [], "missing_branches": []}, "ProgressTracker.update_step": {"executed_lines": [155, 157, 158, 159, 160, 161, 162, 163, 166, 170, 175, 178, 179, 180, 182, 192, 193], "summary": {"covered_lines": 17, "num_statements": 17, "percent_covered": 100.0, "percent_covered_display": "100", "missing_lines": 0, "excluded_lines": 0, "percent_statements_covered": 100.0, "percent_statements_covered_display": "100", "num_branches": 8, "num_partial_branches": 0, "covered_branches": 8, "missing_branches": 0, "percent_branches_covered": 100.0, "percent_branches_covered_display": "100"}, "missing_lines": [], "excluded_lines": [], "start_line": 147, "executed_branches": [[157, 158], [157, 160], [160, 161], [160, 162], [162, 163], [162, 166], [166, 170], [166, 178]], "missing_branches": []}, "ProgressTracker.pause": {"executed_lines": [197], "summary": {"covered_lines": 1, "num_statements": 1, "percent_covered": 100.0, "percent_covered_display": "100", "missing_lines": 0, "excluded_lines": 0, "percent_statements_covered": 100.0, "percent_statements_covered_display": "100", "num_branches": 0, "num_partial_branches": 0, "covered_branches": 0, "missing_branches": 0, "percent_branches_covered": 100.0, "percent_branches_covered_display": "100"}, "missing_lines": [], "excluded_lines": [], "start_line": 195, "executed_branches": [], "missing_branches": []}, "ProgressTracker.resume": {"executed_lines": [201, 202], "summary": {"covered_lines": 2, "num_statements": 2, "percent_covered": 75.0, "percent_covered_display": "75", "missing_lines": 0, "excluded_lines": 0, "percent_statements_covered": 100.0, "percent_statements_covered_display": "100", "num_branches": 2, "num_partial_branches": 1, "covered_branches": 1, "missing_branches": 1, "percent_branches_covered": 50.0, "percent_branches_covered_display": "50"}, "missing_lines": [], "excluded_lines": [], "start_line": 199, "executed_branches": [[201, 202]], "missing_branches": [[201, -199]]}, "ProgressTracker.get_progress": {"executed_lines": [206, 207, 209], "summary": {"covered_lines": 3, "num_statements": 3, "percent_covered": 100.0, "percent_covered_display": "100", "missing_lines": 0, "excluded_lines": 0, "percent_statements_covered": 100.0, "percent_statements_covered_display": "100", "num_branches": 0, "num_partial_branches": 0, "covered_branches": 0, "missing_branches": 0, "percent_branches_covered": 100.0, "percent_branches_covered_display": "100"}, "missing_lines": [], "excluded_lines": [], "start_line": 204, "executed_branches": [], "missing_branches": []}, "ProgressTracker.get_elapsed_time": {"executed_lines": [222, 223, 225, 226], "summary": {"covered_lines": 4, "num_statements": 4, "percent_covered": 100.0, "percent_covered_display": "100", "missing_lines": 0, "excluded_lines": 0, "percent_statements_covered": 100.0, "percent_statements_covered_display": "100", "num_branches": 2, "num_partial_branches": 0, "covered_branches": 2, "missing_branches": 0, "percent_branches_covered": 100.0, "percent_branches_covered_display": "100"}, "missing_lines": [], "excluded_lines": [], "start_line": 220, "executed_branches": [[222, 223], [222, 225]], "missing_branches": []}, "ProgressTracker.estimate_remaining": {"executed_lines": [230, 231, 233, 234, 235, 237], "summary": {"covered_lines": 6, "num_statements": 6, "percent_covered": 100.0, "percent_covered_display": "100", "missing_lines": 0, "excluded_lines": 0, "percent_statements_covered": 100.0, "percent_statements_covered_display": "100", "num_branches": 2, "num_partial_branches": 0, "covered_branches": 2, "missing_branches": 0, "percent_branches_covered": 100.0, "percent_branches_covered_display": "100"}, "missing_lines": [], "excluded_lines": [], "start_line": 228, "executed_branches": [[230, 231], [230, 233]], "missing_branches": []}, "ProgressTracker.get_progress_text": {"executed_lines": [241, 242, 243, 245, 251, 252, 254], "summary": {"covered_lines": 7, "num_statements": 7, "percent_covered": 100.0, "percent_covered_display": "100", "missing_lines": 0, "excluded_lines": 0, "percent_statements_covered": 100.0, "percent_statements_covered_display": "100", "num_branches": 2, "num_partial_branches": 0, "covered_branches": 2, "missing_branches": 0, "percent_branches_covered": 100.0, "percent_branches_covered_display": "100"}, "missing_lines": [], "excluded_lines": [], "start_line": 239, "executed_branches": [[251, 252], [251, 254]], "missing_branches": []}, "ProgressTracker.get_status_bar": {"executed_lines": [258, 259, 261, 262, 264, 265], "summary": {"covered_lines": 6, "num_statements": 6, "percent_covered": 100.0, "percent_covered_display": "100", "missing_lines": 0, "excluded_lines": 0, "percent_statements_covered": 100.0, "percent_statements_covered_display": "100", "num_branches": 0, "num_partial_branches": 0, "covered_branches": 0, "missing_branches": 0, "percent_branches_covered": 100.0, "percent_branches_covered_display": "100"}, "missing_lines": [], "excluded_lines": [], "start_line": 256, "executed_branches": [], "missing_branches": []}, "ProgressTracker._format_time": {"executed_lines": [269, 270], "summary": {"covered_lines": 2, "num_statements": 9, "percent_covered": 23.076923076923077, "percent_covered_display": "23", "missing_lines": 7, "excluded_lines": 0, "percent_statements_covered": 22.22222222222222, "percent_statements_covered_display": "22", "num_branches": 4, "num_partial_branches": 1, "covered_branches": 1, "missing_branches": 3, "percent_branches_covered": 25.0, "percent_branches_covered_display": "25"}, "missing_lines": [271, 272, 273, 274, 276, 277, 278], "excluded_lines": [], "start_line": 267, "executed_branches": [[269, 270]], "missing_branches": [[269, 271], [271, 272], [271, 276]]}, "ProgressTracker.on_progress": {"executed_lines": [282], "summary": {"covered_lines": 1, "num_statements": 1, "percent_covered": 100.0, "percent_covered_display": "100", "missing_lines": 0, "excluded_lines": 0, "percent_statements_covered": 100.0, "percent_statements_covered_display": "100", "num_branches": 0, "num_partial_branches": 0, "covered_branches": 0, "missing_branches": 0, "percent_branches_covered": 100.0, "percent_branches_covered_display": "100"}, "missing_lines": [], "excluded_lines": [], "start_line": 280, "executed_branches": [], "missing_branches": []}, "ProgressTracker._notify": {"executed_lines": [286, 287, 288, 289, 290], "summary": {"covered_lines": 5, "num_statements": 5, "percent_covered": 100.0, "percent_covered_display": "100", "missing_lines": 0, "excluded_lines": 0, "percent_statements_covered": 100.0, "percent_statements_covered_display": "100", "num_branches": 2, "num_partial_branches": 0, "covered_branches": 2, "missing_branches": 0, "percent_branches_covered": 100.0, "percent_branches_covered_display": "100"}, "missing_lines": [], "excluded_lines": [], "start_line": 284, "executed_branches": [[286, -284], [286, 287]], "missing_branches": []}, "ProgressTracker.to_dict": {"executed_lines": [294], "summary": {"covered_lines": 1, "num_statements": 1, "percent_covered": 100.0, "percent_covered_display": "100", "missing_lines": 0, "excluded_lines": 0, "percent_statements_covered": 100.0, "percent_statements_covered_display": "100", "num_branches": 0, "num_partial_branches": 0, "covered_branches": 0, "missing_branches": 0, "percent_branches_covered": 100.0, "percent_branches_covered_display": "100"}, "missing_lines": [], "excluded_lines": [], "start_line": 292, "executed_branches": [], "missing_branches": []}, "StepLogger.__init__": {"executed_lines": [327], "summary": {"covered_lines": 1, "num_statements": 1, "percent_covered": 100.0, "percent_covered_display": "100", "missing_lines": 0, "excluded_lines": 0, "percent_statements_covered": 100.0, "percent_statements_covered_display": "100", "num_branches": 0, "num_partial_branches": 0, "covered_branches": 0, "missing_branches": 0, "percent_branches_covered": 100.0, "percent_branches_covered_display": "100"}, "missing_lines": [], "excluded_lines": [], "start_line": 326, "executed_branches": [], "missing_branches": []}, "StepLogger.log": {"executed_lines": [337, 344], "summary": {"covered_lines": 2, "num_statements": 2, "percent_covered": 100.0, "percent_covered_display": "100", "missing_lines": 0, "excluded_lines": 0, "percent_statements_covered": 100.0, "percent_statements_covered_display": "100", "num_branches": 0, "num_partial_branches": 0, "covered_branches": 0, "missing_branches": 0, "percent_branches_covered": 100.0, "percent_branches_covered_display": "100"}, "missing_lines": [], "excluded_lines": [], "start_line": 329, "executed_branches": [], "missing_branches": []}, "StepLogger.get_step_logs": {"executed_lines": [348], "summary": {"covered_lines": 1, "num_statements": 1, "percent_covered": 100.0, "percent_covered_display": "100", "missing_lines": 0, "excluded_lines": 0, "percent_statements_covered": 100.0, "percent_statements_covered_display": "100", "num_branches": 0, "num_partial_branches": 0, "covered_branches": 0, "missing_branches": 0, "percent_branches_covered": 100.0, "percent_branches_covered_display": "100"}, "missing_lines": [], "excluded_lines": [], "start_line": 346, "executed_branches": [], "missing_branches": []}, "StepLogger.get_recent_logs": {"executed_lines": [352], "summary": {"covered_lines": 1, "num_statements": 1, "percent_covered": 100.0, "percent_covered_display": "100", "missing_lines": 0, "excluded_lines": 0, "percent_statements_covered": 100.0, "percent_statements_covered_display": "100", "num_branches": 0, "num_partial_branches": 0, "covered_branches": 0, "missing_branches": 0, "percent_branches_covered": 100.0, "percent_branches_covered_display": "100"}, "missing_lines": [], "excluded_lines": [], "start_line": 350, "executed_branches": [], "missing_branches": []}, "StepLogger.to_dict": {"executed_lines": [356], "summary": {"covered_lines": 1, "num_statements": 1, "percent_covered": 100.0, "percent_covered_display": "100", "missing_lines": 0, "excluded_lines": 0, "percent_statements_covered": 100.0, "percent_statements_covered_display": "100", "num_branches": 0, "num_partial_branches": 0, "covered_branches": 0, "missing_branches": 0, "percent_branches_covered": 100.0, "percent_branches_covered_display": "100"}, "missing_lines": [], "excluded_lines": [], "start_line": 354, "executed_branches": [], "missing_branches": []}, "": {"executed_lines": [66, 67, 68, 69, 70, 71, 74, 77, 78, 79, 80, 81, 84, 85, 88, 89, 90, 91, 92, 93, 94, 95, 98, 112, 125, 147, 195, 199, 204, 220, 228, 239, 256, 267, 280, 284, 292, 316, 326, 329, 346, 350, 354], "summary": {"covered_lines": 43, "num_statements": 43, "percent_covered": 100.0, "percent_covered_display": "100", "missing_lines": 0, "excluded_lines": 0, "percent_statements_covered": 100.0, "percent_statements_covered_display": "100", "num_branches": 0, "num_partial_branches": 0, "covered_branches": 0, "missing_branches": 0, "percent_branches_covered": 100.0, "percent_branches_covered_display": "100"}, "missing_lines": [], "excluded_lines": [], "start_line": 1, "executed_branches": [], "missing_branches": []}}, "classes": {"ProgressState": {"executed_lines": [], "summary": {"covered_lines": 0, "num_statements": 0, "percent_covered": 100.0, "percent_covered_display": "100", "missing_lines": 0, "excluded_lines": 0, "percent_statements_covered": 100.0, "percent_statements_covered_display": "100", "num_branches": 0, "num_partial_branches": 0, "covered_branches": 0, "missing_branches": 0, "percent_branches_covered": 100.0, "percent_branches_covered_display": "100"}, "missing_lines": [], "excluded_lines": [], "start_line": 74, "executed_branches": [], "missing_branches": []}, "ProgressEvent": {"executed_lines": [], "summary": {"covered_lines": 0, "num_statements": 0, "percent_covered": 100.0, "percent_covered_display": "100", "missing_lines": 0, "excluded_lines": 0, "percent_statements_covered": 100.0, "percent_statements_covered_display": "100", "num_branches": 0, "num_partial_branches": 0, "covered_branches": 0, "missing_branches": 0, "percent_branches_covered": 100.0, "percent_branches_covered_display": "100"}, "missing_lines": [], "excluded_lines": [], "start_line": 85, "executed_branches": [], "missing_branches": []}, "ProgressTracker": {"executed_lines": [113, 114, 115, 116, 117, 118, 119, 120, 121, 122, 123, 127, 128, 129, 130, 131, 132, 133, 134, 136, 155, 157, 158, 159, 160, 161, 162, 163, 166, 170, 175, 178, 179, 180, 182, 192, 193, 197, 201, 202, 206, 207, 209, 222, 223, 225, 226, 230, 231, 233, 234, 235, 237, 241, 242, 243, 245, 251, 252, 254, 258, 259, 261, 262, 264, 265, 269, 270, 282, 286, 287, 288, 289, 290, 294], "summary": {"covered_lines": 75, "num_statements": 82, "percent_covered": 89.42307692307692, "percent_covered_display": "89", "missing_lines": 7, "excluded_lines": 0, "percent_statements_covered": 91.46341463414635, "percent_statements_covered_display": "91", "num_branches": 22, "num_partial_branches": 2, "covered_branches": 18, "missing_branches": 4, "percent_branches_covered": 81.81818181818181, "percent_branches_covered_display": "82"}, "missing_lines": [271, 272, 273, 274, 276, 277, 278], "excluded_lines": [], "start_line": 98, "executed_branches": [[157, 158], [157, 160], [160, 161], [160, 162], [162, 163], [162, 166], [166, 170], [166, 178], [201, 202], [222, 223], [222, 225], [230, 231], [230, 233], [251, 252], [251, 254], [269, 270], [286, -284], [286, 287]], "missing_branches": [[201, -199], [269, 271], [271, 272], [271, 276]]}, "StepLogger": {"executed_lines": [327, 337, 344, 348, 352, 356], "summary": {"covered_lines": 6, "num_statements": 6, "percent_covered": 100.0, "percent_covered_display": "100", "missing_lines": 0, "excluded_lines": 0, "percent_statements_covered": 100.0, "percent_statements_covered_display": "100", "num_branches": 0, "num_partial_branches": 0, "covered_branches": 0, "missing_branches": 0, "percent_branches_covered": 100.0, "percent_branches_covered_display": "100"}, "missing_lines": [], "excluded_lines": [], "start_line": 316, "executed_branches": [], "missing_branches": []}, "": {"executed_lines": [66, 67, 68, 69, 70, 71, 74, 77, 78, 79, 80, 81, 84, 85, 88, 89, 90, 91, 92, 93, 94, 95, 98, 112, 125, 147, 195, 199, 204, 220, 228, 239, 256, 267, 280, 284, 292, 316, 326, 329, 346, 350, 354], "summary": {"covered_lines": 43, "num_statements": 43, "percent_covered": 100.0, "percent_covered_display": "100", "missing_lines": 0, "excluded_lines": 0, "percent_statements_covered": 100.0, "percent_statements_covered_display": "100", "num_branches": 0, "num_partial_branches": 0, "covered_branches": 0, "missing_branches": 0, "percent_branches_covered": 100.0, "percent_branches_covered_display": "100"}, "missing_lines": [], "excluded_lines": [], "start_line": 1, "executed_branches": [], "missing_branches": []}}}, "python\\continuum_sdk\\agent\\runtime.py": {"executed_lines": [88, 90, 91, 92, 93, 94, 100, 101, 104, 105, 108, 111, 121, 126, 129, 130, 131, 132, 135, 153, 168, 169, 170, 171, 172, 173, 174, 175, 176, 177, 178, 179, 181, 182, 197, 198, 199, 213, 214, 216, 228, 267, 285, 288, 290, 291, 298, 299, 300, 301, 302, 305, 306, 307, 308, 309, 310, 313, 316, 319, 321, 328, 329, 330, 346, 347, 349, 351, 352, 354, 357, 359, 360, 364, 365, 369, 371, 374, 375, 376, 378, 380, 382, 385, 386, 387, 389, 391, 393, 395, 413, 414, 416, 418, 419, 420, 421, 423, 425, 437, 440, 441, 444, 447, 448, 449, 454, 456, 459, 462, 465, 466, 476, 477, 482, 492, 504, 508, 510, 511, 512, 517, 519, 521, 523, 525, 527, 528, 535, 536, 537, 540, 541, 547, 565, 566, 568, 569, 571, 573, 574, 576, 578, 593, 594, 596, 597, 599, 601, 602, 604, 616, 618, 631, 641, 643, 644, 646, 649, 650, 652, 654, 656, 662, 664, 666, 682, 685, 686, 694, 708, 709, 711, 712, 715, 718, 723, 725, 727, 732, 742], "summary": {"covered_lines": 181, "num_statements": 226, "percent_covered": 76.14379084967321, "percent_covered_display": "76", "missing_lines": 45, "excluded_lines": 4, "percent_statements_covered": 80.08849557522124, "percent_statements_covered_display": "80", "num_branches": 80, "num_partial_branches": 20, "covered_branches": 52, "missing_branches": 28, "percent_branches_covered": 65.0, "percent_branches_covered_display": "65"}, "missing_lines": [103, 292, 293, 295, 303, 317, 335, 344, 355, 356, 362, 367, 372, 377, 383, 392, 438, 455, 484, 485, 486, 488, 489, 490, 505, 518, 543, 544, 545, 628, 629, 647, 658, 659, 660, 716, 720, 721, 729, 730, 734, 735, 736, 753, 754], "excluded_lines": [96, 97, 738, 739], "executed_branches": [[288, 290], [298, 299], [298, 300], [300, 301], [300, 302], [302, 305], [316, 319], [328, 329], [329, 330], [354, 357], [371, 374], [374, 375], [374, 376], [376, 378], [382, 385], [385, 386], [385, 387], [391, 393], [437, 440], [440, 441], [440, 444], [447, 448], [447, 459], [448, 449], [448, 459], [454, 456], [476, 477], [476, 482], [504, 508], [510, 511], [511, 512], [511, 521], [517, 519], [528, 535], [528, 540], [535, 536], [535, 537], [540, 541], [565, 566], [565, 568], [568, 569], [568, 571], [593, 594], [596, 597], [601, -578], [601, 602], [646, 649], [685, -666], [685, 686], [708, 709], [708, 711], [715, 718]], "missing_branches": [[288, 292], [292, 293], [292, 295], [302, 303], [316, 317], [328, 344], [329, 335], [354, 355], [371, 372], [376, 377], [382, 383], [391, 392], [437, 438], [454, 455], [504, 505], [510, 521], [517, 518], [540, -492], [593, 596], [596, 599], [628, -618], [628, 629], [646, 647], [659, -656], [659, 660], [715, 716], [734, -732], [734, 735]], "functions": {"AgentConfig.__init__": {"executed_lines": [168, 169, 170, 171, 172, 173, 174, 175, 176, 177, 178, 179], "summary": {"covered_lines": 12, "num_statements": 12, "percent_covered": 100.0, "percent_covered_display": "100", "missing_lines": 0, "excluded_lines": 0, "percent_statements_covered": 100.0, "percent_statements_covered_display": "100", "num_branches": 0, "num_partial_branches": 0, "covered_branches": 0, "missing_branches": 0, "percent_branches_covered": 100.0, "percent_branches_covered_display": "100"}, "missing_lines": [], "excluded_lines": [], "start_line": 153, "executed_branches": [], "missing_branches": []}, "AgentConfig.to_dict": {"executed_lines": [182], "summary": {"covered_lines": 1, "num_statements": 1, "percent_covered": 100.0, "percent_covered_display": "100", "missing_lines": 0, "excluded_lines": 0, "percent_statements_covered": 100.0, "percent_statements_covered_display": "100", "num_branches": 0, "num_partial_branches": 0, "covered_branches": 0, "missing_branches": 0, "percent_branches_covered": 100.0, "percent_branches_covered_display": "100"}, "missing_lines": [], "excluded_lines": [], "start_line": 181, "executed_branches": [], "missing_branches": []}, "AgentConfig.from_dict": {"executed_lines": [199], "summary": {"covered_lines": 1, "num_statements": 1, "percent_covered": 100.0, "percent_covered_display": "100", "missing_lines": 0, "excluded_lines": 0, "percent_statements_covered": 100.0, "percent_statements_covered_display": "100", "num_branches": 0, "num_partial_branches": 0, "covered_branches": 0, "missing_branches": 0, "percent_branches_covered": 100.0, "percent_branches_covered_display": "100"}, "missing_lines": [], "excluded_lines": [], "start_line": 198, "executed_branches": [], "missing_branches": []}, "AgentConfig.from_config": {"executed_lines": [216], "summary": {"covered_lines": 1, "num_statements": 1, "percent_covered": 100.0, "percent_covered_display": "100", "missing_lines": 0, "excluded_lines": 0, "percent_statements_covered": 100.0, "percent_statements_covered_display": "100", "num_branches": 0, "num_partial_branches": 0, "covered_branches": 0, "missing_branches": 0, "percent_branches_covered": 100.0, "percent_branches_covered_display": "100"}, "missing_lines": [], "excluded_lines": [], "start_line": 214, "executed_branches": [], "missing_branches": []}, "Agent.__init__": {"executed_lines": [285, 288, 290, 291, 298, 299, 300, 301, 302, 305, 306, 307, 308, 309, 310, 313, 316, 319], "summary": {"covered_lines": 18, "num_statements": 23, "percent_covered": 71.42857142857143, "percent_covered_display": "71", "missing_lines": 5, "excluded_lines": 0, "percent_statements_covered": 78.26086956521739, "percent_statements_covered_display": "78", "num_branches": 12, "num_partial_branches": 3, "covered_branches": 7, "missing_branches": 5, "percent_branches_covered": 58.333333333333336, "percent_branches_covered_display": "58"}, "missing_lines": [292, 293, 295, 303, 317], "excluded_lines": [], "start_line": 267, "executed_branches": [[288, 290], [298, 299], [298, 300], [300, 301], [300, 302], [302, 305], [316, 319]], "missing_branches": [[288, 292], [292, 293], [292, 295], [302, 303], [316, 317]]}, "Agent._get_llm_client": {"executed_lines": [328, 329, 330], "summary": {"covered_lines": 3, "num_statements": 5, "percent_covered": 55.55555555555556, "percent_covered_display": "56", "missing_lines": 2, "excluded_lines": 0, "percent_statements_covered": 60.0, "percent_statements_covered_display": "60", "num_branches": 4, "num_partial_branches": 2, "covered_branches": 2, "missing_branches": 2, "percent_branches_covered": 50.0, "percent_branches_covered_display": "50"}, "missing_lines": [335, 344], "excluded_lines": [], "start_line": 321, "executed_branches": [[328, 329], [329, 330]], "missing_branches": [[328, 344], [329, 335]]}, "Agent.name": {"executed_lines": [349], "summary": {"covered_lines": 1, "num_statements": 1, "percent_covered": 100.0, "percent_covered_display": "100", "missing_lines": 0, "excluded_lines": 0, "percent_statements_covered": 100.0, "percent_statements_covered_display": "100", "num_branches": 0, "num_partial_branches": 0, "covered_branches": 0, "missing_branches": 0, "percent_branches_covered": 100.0, "percent_branches_covered_display": "100"}, "missing_lines": [], "excluded_lines": [], "start_line": 347, "executed_branches": [], "missing_branches": []}, "Agent.state": {"executed_lines": [354, 357], "summary": {"covered_lines": 2, "num_statements": 4, "percent_covered": 50.0, "percent_covered_display": "50", "missing_lines": 2, "excluded_lines": 0, "percent_statements_covered": 50.0, "percent_statements_covered_display": "50", "num_branches": 2, "num_partial_branches": 1, "covered_branches": 1, "missing_branches": 1, "percent_branches_covered": 50.0, "percent_branches_covered_display": "50"}, "missing_lines": [355, 356], "excluded_lines": [], "start_line": 352, "executed_branches": [[354, 357]], "missing_branches": [[354, 355]]}, "Agent.config": {"executed_lines": [], "summary": {"covered_lines": 0, "num_statements": 1, "percent_covered": 0.0, "percent_covered_display": "0", "missing_lines": 1, "excluded_lines": 0, "percent_statements_covered": 0.0, "percent_statements_covered_display": "0", "num_branches": 0, "num_partial_branches": 0, "covered_branches": 0, "missing_branches": 0, "percent_branches_covered": 100.0, "percent_branches_covered_display": "100"}, "missing_lines": [362], "excluded_lines": [], "start_line": 360, "executed_branches": [], "missing_branches": []}, "Agent.created_at": {"executed_lines": [], "summary": {"covered_lines": 0, "num_statements": 1, "percent_covered": 0.0, "percent_covered_display": "0", "missing_lines": 1, "excluded_lines": 0, "percent_statements_covered": 0.0, "percent_statements_covered_display": "0", "num_branches": 0, "num_partial_branches": 0, "covered_branches": 0, "missing_branches": 0, "percent_branches_covered": 100.0, "percent_branches_covered_display": "100"}, "missing_lines": [367], "excluded_lines": [], "start_line": 365, "executed_branches": [], "missing_branches": []}, "Agent.start": {"executed_lines": [371, 374, 375, 376, 378], "summary": {"covered_lines": 5, "num_statements": 7, "percent_covered": 69.23076923076923, "percent_covered_display": "69", "missing_lines": 2, "excluded_lines": 0, "percent_statements_covered": 71.42857142857143, "percent_statements_covered_display": "71", "num_branches": 6, "num_partial_branches": 2, "covered_branches": 4, "missing_branches": 2, "percent_branches_covered": 66.66666666666667, "percent_branches_covered_display": "67"}, "missing_lines": [372, 377], "excluded_lines": [], "start_line": 369, "executed_branches": [[371, 374], [374, 375], [374, 376], [376, 378]], "missing_branches": [[371, 372], [376, 377]]}, "Agent.pause": {"executed_lines": [382, 385, 386, 387], "summary": {"covered_lines": 4, "num_statements": 5, "percent_covered": 77.77777777777777, "percent_covered_display": "78", "missing_lines": 1, "excluded_lines": 0, "percent_statements_covered": 80.0, "percent_statements_covered_display": "80", "num_branches": 4, "num_partial_branches": 1, "covered_branches": 3, "missing_branches": 1, "percent_branches_covered": 75.0, "percent_branches_covered_display": "75"}, "missing_lines": [383], "excluded_lines": [], "start_line": 380, "executed_branches": [[382, 385], [385, 386], [385, 387]], "missing_branches": [[382, 383]]}, "Agent.stop": {"executed_lines": [391, 393], "summary": {"covered_lines": 2, "num_statements": 3, "percent_covered": 60.0, "percent_covered_display": "60", "missing_lines": 1, "excluded_lines": 0, "percent_statements_covered": 66.66666666666667, "percent_statements_covered_display": "67", "num_branches": 2, "num_partial_branches": 1, "covered_branches": 1, "missing_branches": 1, "percent_branches_covered": 50.0, "percent_branches_covered_display": "50"}, "missing_lines": [392], "excluded_lines": [], "start_line": 389, "executed_branches": [[391, 393]], "missing_branches": [[391, 392]]}, "Agent.execute": {"executed_lines": [413, 414, 416, 418, 419, 420, 421, 423], "summary": {"covered_lines": 8, "num_statements": 8, "percent_covered": 100.0, "percent_covered_display": "100", "missing_lines": 0, "excluded_lines": 0, "percent_statements_covered": 100.0, "percent_statements_covered_display": "100", "num_branches": 0, "num_partial_branches": 0, "covered_branches": 0, "missing_branches": 0, "percent_branches_covered": 100.0, "percent_branches_covered_display": "100"}, "missing_lines": [], "excluded_lines": [], "start_line": 395, "executed_branches": [], "missing_branches": []}, "Agent.execute_async": {"executed_lines": [437, 440, 441, 444, 447, 448, 449, 454, 456, 459, 462, 465, 466, 476, 477, 482], "summary": {"covered_lines": 16, "num_statements": 24, "percent_covered": 72.22222222222223, "percent_covered_display": "72", "missing_lines": 8, "excluded_lines": 0, "percent_statements_covered": 66.66666666666667, "percent_statements_covered_display": "67", "num_branches": 12, "num_partial_branches": 2, "covered_branches": 10, "missing_branches": 2, "percent_branches_covered": 83.33333333333333, "percent_branches_covered_display": "83"}, "missing_lines": [438, 455, 484, 485, 486, 488, 489, 490], "excluded_lines": [], "start_line": 425, "executed_branches": [[437, 440], [440, 441], [440, 444], [447, 448], [447, 459], [448, 449], [448, 459], [454, 456], [476, 477], [476, 482]], "missing_branches": [[437, 438], [454, 455]]}, "Agent.execute_stream": {"executed_lines": [504, 508, 510, 511, 512, 517, 519, 521, 523, 525, 527, 528, 535, 536, 537, 540, 541], "summary": {"covered_lines": 17, "num_statements": 22, "percent_covered": 75.0, "percent_covered_display": "75", "missing_lines": 5, "excluded_lines": 0, "percent_statements_covered": 77.27272727272727, "percent_statements_covered_display": "77", "num_branches": 14, "num_partial_branches": 4, "covered_branches": 10, "missing_branches": 4, "percent_branches_covered": 71.42857142857143, "percent_branches_covered_display": "71"}, "missing_lines": [505, 518, 543, 544, 545], "excluded_lines": [], "start_line": 492, "executed_branches": [[504, 508], [510, 511], [511, 512], [511, 521], [517, 519], [528, 535], [528, 540], [535, 536], [535, 537], [540, 541]], "missing_branches": [[504, 505], [510, 521], [517, 518], [540, -492]]}, "Agent.run": {"executed_lines": [565, 566, 568, 569, 571, 573, 574, 576], "summary": {"covered_lines": 8, "num_statements": 8, "percent_covered": 100.0, "percent_covered_display": "100", "missing_lines": 0, "excluded_lines": 0, "percent_statements_covered": 100.0, "percent_statements_covered_display": "100", "num_branches": 4, "num_partial_branches": 0, "covered_branches": 4, "missing_branches": 0, "percent_branches_covered": 100.0, "percent_branches_covered_display": "100"}, "missing_lines": [], "excluded_lines": [], "start_line": 547, "executed_branches": [[565, 566], [565, 568], [568, 569], [568, 571]], "missing_branches": []}, "Agent.run_stream": {"executed_lines": [593, 594, 596, 597, 599, 601, 602], "summary": {"covered_lines": 7, "num_statements": 7, "percent_covered": 84.61538461538461, "percent_covered_display": "85", "missing_lines": 0, "excluded_lines": 0, "percent_statements_covered": 100.0, "percent_statements_covered_display": "100", "num_branches": 6, "num_partial_branches": 2, "covered_branches": 4, "missing_branches": 2, "percent_branches_covered": 66.66666666666667, "percent_branches_covered_display": "67"}, "missing_lines": [], "excluded_lines": [], "start_line": 578, "executed_branches": [[593, 594], [596, 597], [601, -578], [601, 602]], "missing_branches": [[593, 596], [596, 599]]}, "Agent.chat": {"executed_lines": [616], "summary": {"covered_lines": 1, "num_statements": 1, "percent_covered": 100.0, "percent_covered_display": "100", "missing_lines": 0, "excluded_lines": 0, "percent_statements_covered": 100.0, "percent_statements_covered_display": "100", "num_branches": 0, "num_partial_branches": 0, "covered_branches": 0, "missing_branches": 0, "percent_branches_covered": 100.0, "percent_branches_covered_display": "100"}, "missing_lines": [], "excluded_lines": [], "start_line": 604, "executed_branches": [], "missing_branches": []}, "Agent.chat_stream": {"executed_lines": [], "summary": {"covered_lines": 0, "num_statements": 2, "percent_covered": 0.0, "percent_covered_display": "0", "missing_lines": 2, "excluded_lines": 0, "percent_statements_covered": 0.0, "percent_statements_covered_display": "0", "num_branches": 2, "num_partial_branches": 0, "covered_branches": 0, "missing_branches": 2, "percent_branches_covered": 0.0, "percent_branches_covered_display": "0"}, "missing_lines": [628, 629], "excluded_lines": [], "start_line": 618, "executed_branches": [], "missing_branches": [[628, -618], [628, 629]]}, "Agent.create_session": {"executed_lines": [641, 643, 644, 646, 649, 650], "summary": {"covered_lines": 6, "num_statements": 7, "percent_covered": 77.77777777777777, "percent_covered_display": "78", "missing_lines": 1, "excluded_lines": 0, "percent_statements_covered": 85.71428571428571, "percent_statements_covered_display": "86", "num_branches": 2, "num_partial_branches": 1, "covered_branches": 1, "missing_branches": 1, "percent_br
[...]
anches": 0, "missing_branches": 0, "percent_branches_covered": 100.0, "percent_branches_covered_display": "100"}, "missing_lines": [], "excluded_lines": [], "start_line": 131, "executed_branches": [], "missing_branches": []}, "DAGResult.__init__": {"executed_lines": [141, 142, 143], "summary": {"covered_lines": 3, "num_statements": 3, "percent_covered": 100.0, "percent_covered_display": "100", "missing_lines": 0, "excluded_lines": 0, "percent_statements_covered": 100.0, "percent_statements_covered_display": "100", "num_branches": 0, "num_partial_branches": 0, "covered_branches": 0, "missing_branches": 0, "percent_branches_covered": 100.0, "percent_branches_covered_display": "100"}, "missing_lines": [], "excluded_lines": [], "start_line": 140, "executed_branches": [], "missing_branches": []}, "DAGResult.status": {"executed_lines": [148, 149, 151, 152, 153, 154, 155, 157], "summary": {"covered_lines": 8, "num_statements": 8, "percent_covered": 100.0, "percent_covered_display": "100", "missing_lines": 0, "excluded_lines": 0, "percent_statements_covered": 100.0, "percent_statements_covered_display": "100", "num_branches": 8, "num_partial_branches": 0, "covered_branches": 8, "missing_branches": 0, "percent_branches_covered": 100.0, "percent_branches_covered_display": "100"}, "missing_lines": [], "excluded_lines": [], "start_line": 146, "executed_branches": [[148, 149], [148, 151], [151, 152], [151, 157], [152, 153], [152, 154], [154, 151], [154, 155]], "missing_branches": []}, "DAGResult.get_output": {"executed_lines": [168, 169], "summary": {"covered_lines": 2, "num_statements": 2, "percent_covered": 100.0, "percent_covered_display": "100", "missing_lines": 0, "excluded_lines": 0, "percent_statements_covered": 100.0, "percent_statements_covered_display": "100", "num_branches": 0, "num_partial_branches": 0, "covered_branches": 0, "missing_branches": 0, "percent_branches_covered": 100.0, "percent_branches_covered_display": "100"}, "missing_lines": [], "excluded_lines": [], "start_line": 159, "executed_branches": [], "missing_branches": []}, "DAGResult.get_result": {"executed_lines": [180], "summary": {"covered_lines": 1, "num_statements": 1, "percent_covered": 100.0, "percent_covered_display": "100", "missing_lines": 0, "excluded_lines": 0, "percent_statements_covered": 100.0, "percent_statements_covered_display": "100", "num_branches": 0, "num_partial_branches": 0, "covered_branches": 0, "missing_branches": 0, "percent_branches_covered": 100.0, "percent_branches_covered_display": "100"}, "missing_lines": [], "excluded_lines": [], "start_line": 171, "executed_branches": [], "missing_branches": []}, "DAGResult.get_all_outputs": {"executed_lines": [184], "summary": {"covered_lines": 1, "num_statements": 1, "percent_covered": 100.0, "percent_covered_display": "100", "missing_lines": 0, "excluded_lines": 0, "percent_statements_covered": 100.0, "percent_statements_covered_display": "100", "num_branches": 0, "num_partial_branches": 0, "covered_branches": 0, "missing_branches": 0, "percent_branches_covered": 100.0, "percent_branches_covered_display": "100"}, "missing_lines": [], "excluded_lines": [], "start_line": 182, "executed_branches": [], "missing_branches": []}, "DAGResult.failed_nodes": {"executed_lines": [192], "summary": {"covered_lines": 1, "num_statements": 1, "percent_covered": 100.0, "percent_covered_display": "100", "missing_lines": 0, "excluded_lines": 0, "percent_statements_covered": 100.0, "percent_statements_covered_display": "100", "num_branches": 0, "num_partial_branches": 0, "covered_branches": 0, "missing_branches": 0, "percent_branches_covered": 100.0, "percent_branches_covered_display": "100"}, "missing_lines": [], "excluded_lines": [], "start_line": 190, "executed_branches": [], "missing_branches": []}, "DAGResult.execution_order": {"executed_lines": [200], "summary": {"covered_lines": 1, "num_statements": 1, "percent_covered": 100.0, "percent_covered_display": "100", "missing_lines": 0, "excluded_lines": 0, "percent_statements_covered": 100.0, "percent_statements_covered_display": "100", "num_branches": 0, "num_partial_branches": 0, "covered_branches": 0, "missing_branches": 0, "percent_branches_covered": 100.0, "percent_branches_covered_display": "100"}, "missing_lines": [], "excluded_lines": [], "start_line": 198, "executed_branches": [], "missing_branches": []}, "DAGResult._set_result": {"executed_lines": [204, 205], "summary": {"covered_lines": 2, "num_statements": 2, "percent_covered": 100.0, "percent_covered_display": "100", "missing_lines": 0, "excluded_lines": 0, "percent_statements_covered": 100.0, "percent_statements_covered_display": "100", "num_branches": 0, "num_partial_branches": 0, "covered_branches": 0, "missing_branches": 0, "percent_branches_covered": 100.0, "percent_branches_covered_display": "100"}, "missing_lines": [], "excluded_lines": [], "start_line": 202, "executed_branches": [], "missing_branches": []}, "DAG.__init__": {"executed_lines": [236, 237, 238], "summary": {"covered_lines": 3, "num_statements": 3, "percent_covered": 100.0, "percent_covered_display": "100", "missing_lines": 0, "excluded_lines": 0, "percent_statements_covered": 100.0, "percent_statements_covered_display": "100", "num_branches": 0, "num_partial_branches": 0, "covered_branches": 0, "missing_branches": 0, "percent_branches_covered": 100.0, "percent_branches_covered_display": "100"}, "missing_lines": [], "excluded_lines": [], "start_line": 229, "executed_branches": [], "missing_branches": []}, "DAG.add": {"executed_lines": [249, 250], "summary": {"covered_lines": 2, "num_statements": 2, "percent_covered": 100.0, "percent_covered_display": "100", "missing_lines": 0, "excluded_lines": 0, "percent_statements_covered": 100.0, "percent_statements_covered_display": "100", "num_branches": 0, "num_partial_branches": 0, "covered_branches": 0, "missing_branches": 0, "percent_branches_covered": 100.0, "percent_branches_covered_display": "100"}, "missing_lines": [], "excluded_lines": [], "start_line": 240, "executed_branches": [], "missing_branches": []}, "DAG.get": {"executed_lines": [254], "summary": {"covered_lines": 1, "num_statements": 1, "percent_covered": 100.0, "percent_covered_display": "100", "missing_lines": 0, "excluded_lines": 0, "percent_statements_covered": 100.0, "percent_statements_covered_display": "100", "num_branches": 0, "num_partial_branches": 0, "covered_branches": 0, "missing_branches": 0, "percent_branches_covered": 100.0, "percent_branches_covered_display": "100"}, "missing_lines": [], "excluded_lines": [], "start_line": 252, "executed_branches": [], "missing_branches": []}, "DAG.remove": {"executed_lines": [258, 259, 261, 262, 263, 264], "summary": {"covered_lines": 6, "num_statements": 6, "percent_covered": 100.0, "percent_covered_display": "100", "missing_lines": 0, "excluded_lines": 0, "percent_statements_covered": 100.0, "percent_statements_covered_display": "100", "num_branches": 4, "num_partial_branches": 0, "covered_branches": 4, "missing_branches": 0, "percent_branches_covered": 100.0, "percent_branches_covered_display": "100"}, "missing_lines": [], "excluded_lines": [], "start_line": 256, "executed_branches": [[258, 259], [258, 264], [261, 262], [261, 263]], "missing_branches": []}, "DAG.depends_on": {"executed_lines": [276, 277, 278, 279], "summary": {"covered_lines": 4, "num_statements": 4, "percent_covered": 83.33333333333333, "percent_covered_display": "83", "missing_lines": 0, "excluded_lines": 0, "percent_statements_covered": 100.0, "percent_statements_covered_display": "100", "num_branches": 2, "num_partial_branches": 1, "covered_branches": 1, "missing_branches": 1, "percent_branches_covered": 50.0, "percent_branches_covered_display": "50"}, "missing_lines": [], "excluded_lines": [], "start_line": 266, "executed_branches": [[277, 278]], "missing_branches": [[277, 279]]}, "DAG.validate": {"executed_lines": [287, 290, 291, 293, 309, 310, 311, 312, 313, 316, 317, 318, 319, 323], "summary": {"covered_lines": 14, "num_statements": 14, "percent_covered": 96.15384615384616, "percent_covered_display": "96", "missing_lines": 0, "excluded_lines": 0, "percent_statements_covered": 100.0, "percent_statements_covered_display": "100", "num_branches": 12, "num_partial_branches": 1, "covered_branches": 11, "missing_branches": 1, "percent_branches_covered": 91.66666666666667, "percent_branches_covered_display": "92"}, "missing_lines": [], "excluded_lines": [], "start_line": 281, "executed_branches": [[309, 310], [309, 316], [310, 311], [311, 309], [311, 312], [316, 317], [316, 323], [317, 316], [317, 318], [318, 317], [318, 319]], "missing_branches": [[310, 309]]}, "DAG.validate.has_cycle": {"executed_lines": [294, 295, 297, 298, 299, 300, 301, 302, 303, 304, 306, 307], "summary": {"covered_lines": 12, "num_statements": 12, "percent_covered": 100.0, "percent_covered_display": "100", "missing_lines": 0, "excluded_lines": 0, "percent_statements_covered": 100.0, "percent_statements_covered_display": "100", "num_branches": 10, "num_partial_branches": 0, "covered_branches": 10, "missing_branches": 0, "percent_branches_covered": 100.0, "percent_branches_covered_display": "100"}, "missing_lines": [], "excluded_lines": [], "start_line": 293, "executed_branches": [[298, 299], [298, 306], [299, 300], [299, 306], [300, 301], [300, 303], [301, 299], [301, 302], [303, 299], [303, 304]], "missing_branches": []}, "DAG._get_execution_order": {"executed_lines": [327, 328, 329, 332, 333, 334, 335, 338, 339, 340, 343, 344, 345, 348, 349, 350, 351, 352, 354], "summary": {"covered_lines": 19, "num_statements": 19, "percent_covered": 97.29729729729729, "percent_covered_display": "97", "missing_lines": 0, "excluded_lines": 0, "percent_statements_covered": 100.0, "percent_statements_covered_display": "100", "num_branches": 18, "num_partial_branches": 1, "covered_branches": 17, "missing_branches": 1, "percent_branches_covered": 94.44444444444444, "percent_branches_covered_display": "94"}, "missing_lines": [], "excluded_lines": [], "start_line": 325, "executed_branches": [[332, 333], [332, 338], [333, 332], [333, 334], [334, 335], [338, 339], [338, 343], [339, 338], [339, 340], [343, 344], [343, 354], [348, 343], [348, 349], [349, 348], [349, 350], [351, 348], [351, 352]], "missing_branches": [[334, 333]]}, "DAG.execute": {"executed_lines": [368, 369, 372, 373, 375, 376, 384, 387, 388, 390, 392, 393, 394, 395, 396, 397, 398, 399, 400, 403, 404, 405, 406, 408], "summary": {"covered_lines": 24, "num_statements": 24, "percent_covered": 92.85714285714286, "percent_covered_display": "93", "missing_lines": 0, "excluded_lines": 0, "percent_statements_covered": 100.0, "percent_statements_covered_display": "100", "num_branches": 18, "num_partial_branches": 3, "covered_branches": 15, "missing_branches": 3, "percent_branches_covered": 83.33333333333333, "percent_branches_covered_display": "83"}, "missing_lines": [], "excluded_lines": [], "start_line": 356, "executed_branches": [[373, 375], [373, 387], [375, 376], [375, 384], [390, 392], [390, 403], [393, 394], [393, 408], [395, 396], [395, 399], [397, 398], [399, 400], [403, 404], [403, 408], [405, 406]], "missing_branches": [[397, 395], [399, 393], [405, 403]]}, "DAG._get_levels": {"executed_lines": [412, 413, 415, 416, 417, 418, 419, 421, 424, 425, 427, 428, 430], "summary": {"covered_lines": 13, "num_statements": 14, "percent_covered": 91.66666666666667, "percent_covered_display": "92", "missing_lines": 1, "excluded_lines": 0, "percent_statements_covered": 92.85714285714286, "percent_statements_covered_display": "93", "num_branches": 10, "num_partial_branches": 1, "covered_branches": 9, "missing_branches": 1, "percent_branches_covered": 90.0, "percent_branches_covered_display": "90"}, "missing_lines": [426], "excluded_lines": [], "start_line": 410, "executed_branches": [[415, 416], [415, 430], [417, 418], [417, 425], [418, 419], [418, 421], [421, 417], [421, 424], [425, 427]], "missing_branches": [[425, 426]]}, "DAG._execute_node": {"executed_lines": [436, 438, 441, 442, 443, 444, 452, 455, 456, 457, 460, 465, 467, 468, 470, 472, 473, 475, 485, 486, 487], "summary": {"covered_lines": 21, "num_statements": 21, "percent_covered": 100.0, "percent_covered_display": "100", "missing_lines": 0, "excluded_lines": 0, "percent_statements_covered": 100.0, "percent_statements_covered_display": "100", "num_branches": 8, "num_partial_branches": 0, "covered_branches": 8, "missing_branches": 0, "percent_branches_covered": 100.0, "percent_branches_covered_display": "100"}, "missing_lines": [], "excluded_lines": [], "start_line": 432, "executed_branches": [[441, 442], [441, 455], [443, 441], [443, 444], [456, 457], [456, 460], [467, 468], [467, 470]], "missing_branches": []}, "DAG.visualize": {"executed_lines": [503, 504, 506, 507, 508, 510], "summary": {"covered_lines": 6, "num_statements": 6, "percent_covered": 100.0, "percent_covered_display": "100", "missing_lines": 0, "excluded_lines": 0, "percent_statements_covered": 100.0, "percent_statements_covered_display": "100", "num_branches": 2, "num_partial_branches": 0, "covered_branches": 2, "missing_branches": 0, "percent_branches_covered": 100.0, "percent_branches_covered_display": "100"}, "missing_lines": [], "excluded_lines": [], "start_line": 497, "executed_branches": [[506, 507], [506, 510]], "missing_branches": []}, "": {"executed_lines": [71, 72, 73, 74, 75, 78, 81, 82, 83, 84, 85, 88, 89, 92, 93, 94, 95, 96, 99, 100, 113, 114, 115, 116, 117, 119, 131, 137, 140, 145, 146, 159, 171, 182, 190, 198, 202, 208, 229, 240, 252, 256, 266, 281, 325, 356, 410, 432, 497], "summary": {"covered_lines": 49, "num_statements": 49, "percent_covered": 100.0, "percent_covered_display": "100", "missing_lines": 0, "excluded_lines": 0, "percent_statements_covered": 100.0, "percent_statements_covered_display": "100", "num_branches": 0, "num_partial_branches": 0, "covered_branches": 0, "missing_branches": 0, "percent_branches_covered": 100.0, "percent_branches_covered_display": "100"}, "missing_lines": [], "excluded_lines": [], "start_line": 1, "executed_branches": [], "missing_branches": []}}, "classes": {"NodeStatus": {"executed_lines": [], "summary": {"covered_lines": 0, "num_statements": 0, "percent_covered": 100.0, "percent_covered_display": "100", "missing_lines": 0, "excluded_lines": 0, "percent_statements_covered": 100.0, "percent_statements_covered_display": "100", "num_branches": 0, "num_partial_branches": 0, "covered_branches": 0, "missing_branches": 0, "percent_branches_covered": 100.0, "percent_branches_covered_display": "100"}, "missing_lines": [], "excluded_lines": [], "start_line": 78, "executed_branches": [], "missing_branches": []}, "NodeResult": {"executed_lines": [], "summary": {"covered_lines": 0, "num_statements": 0, "percent_covered": 100.0, "percent_covered_display": "100", "missing_lines": 0, "excluded_lines": 0, "percent_statements_covered": 100.0, "percent_statements_covered_display": "100", "num_branches": 0, "num_partial_branches": 0, "covered_branches": 0, "missing_branches": 0, "percent_branches_covered": 100.0, "percent_branches_covered_display": "100"}, "missing_lines": [], "excluded_lines": [], "start_line": 89, "executed_branches": [], "missing_branches": []}, "Node": {"executed_lines": [128, 129, 133, 134], "summary": {"covered_lines": 4, "num_statements": 4, "percent_covered": 100.0, "percent_covered_display": "100", "missing_lines": 0, "excluded_lines": 0, "percent_statements_covered": 100.0, "percent_statements_covered_display": "100", "num_branches": 0, "num_partial_branches": 0, "covered_branches": 0, "missing_branches": 0, "percent_branches_covered": 100.0, "percent_branches_covered_display": "100"}, "missing_lines": [], "excluded_lines": [], "start_line": 100, "executed_branches": [], "missing_branches": []}, "DAGResult": {"executed_lines": [141, 142, 143, 148, 149, 151, 152, 153, 154, 155, 157, 168, 169, 180, 184, 192, 200, 204, 205], "summary": {"covered_lines": 19, "num_statements": 19, "percent_covered": 100.0, "percent_covered_display": "100", "missing_lines": 0, "excluded_lines": 0, "percent_statements_covered": 100.0, "percent_statements_covered_display": "100", "num_branches": 8, "num_partial_branches": 0, "covered_branches": 8, "missing_branches": 0, "percent_branches_covered": 100.0, "percent_branches_covered_display": "100"}, "missing_lines": [], "excluded_lines": [], "start_line": 137, "executed_branches": [[148, 149], [148, 151], [151, 152], [151, 157], [152, 153], [152, 154], [154, 151], [154, 155]], "missing_branches": []}, "DAG": {"executed_lines": [236, 237, 238, 249, 250, 254, 258, 259, 261, 262, 263, 264, 276, 277, 278, 279, 287, 290, 291, 293, 294, 295, 297, 298, 299, 300, 301, 302, 303, 304, 306, 307, 309, 310, 311, 312, 313, 316, 317, 318, 319, 323, 327, 328, 329, 332, 333, 334, 335, 338, 339, 340, 343, 344, 345, 348, 349, 350, 351, 352, 354, 368, 369, 372, 373, 375, 376, 384, 387, 388, 390, 392, 393, 394, 395, 396, 397, 398, 399, 400, 403, 404, 405, 406, 408, 412, 413, 415, 416, 417, 418, 419, 421, 424, 425, 427, 428, 430, 436, 438, 441, 442, 443, 444, 452, 455, 456, 457, 460, 465, 467, 468, 470, 472, 473, 475, 485, 486, 487, 503, 504, 506, 507, 508, 510], "summary": {"covered_lines": 125, "num_statements": 126, "percent_covered": 96.19047619047619, "percent_covered_display": "96", "missing_lines": 1, "excluded_lines": 0, "percent_statements_covered": 99.2063492063492, "percent_statements_covered_display": "99", "num_branches": 84, "num_partial_branches": 7, "covered_branches": 77, "missing_branches": 7, "percent_branches_covered": 91.66666666666667, "percent_branches_covered_display": "92"}, "missing_lines": [426], "excluded_lines": [], "start_line": 208, "executed_branches": [[258, 259], [258, 264], [261, 262], [261, 263], [277, 278], [298, 299], [298, 306], [299, 300], [299, 306], [300, 301], [300, 303], [301, 299], [301, 302], [303, 299], [303, 304], [309, 310], [309, 316], [310, 311], [311, 309], [311, 312], [316, 317], [316, 323], [317, 316], [317, 318], [318, 317], [318, 319], [332, 333], [332, 338], [333, 332], [333, 334], [334, 335], [338, 339], [338, 343], [339, 338], [339, 340], [343, 344], [343, 354], [348, 343], [348, 349], [349, 348], [349, 350], [351, 348], [351, 352], [373, 375], [373, 387], [375, 376], [375, 384], [390, 392], [390, 403], [393, 394], [393, 408], [395, 396], [395, 399], [397, 398], [399, 400], [403, 404], [403, 408], [405, 406], [415, 416], [415, 430], [417, 418], [417, 425], [418, 419], [418, 421], [421, 417], [421, 424], [425, 427], [441, 442], [441, 455], [443, 441], [443, 444], [456, 457], [456, 460], [467, 468], [467, 470], [506, 507], [506, 510]], "missing_branches": [[277, 279], [310, 309], [334, 333], [397, 395], [399, 393], [405, 403], [425, 426]]}, "": {"executed_lines": [71, 72, 73, 74, 75, 78, 81, 82, 83, 84, 85, 88, 89, 92, 93, 94, 95, 96, 99, 100, 113, 114, 115, 116, 117, 119, 131, 137, 140, 145, 146, 159, 171, 182, 190, 198, 202, 208, 229, 240, 252, 256, 266, 281, 325, 356, 410, 432, 497], "summary": {"covered_lines": 49, "num_statements": 49, "percent_covered": 100.0, "percent_covered_display": "100", "missing_lines": 0, "excluded_lines": 0, "percent_statements_covered": 100.0, "percent_statements_covered_display": "100", "num_branches": 0, "num_partial_branches": 0, "covered_branches": 0, "missing_branches": 0, "percent_branches_covered": 100.0, "percent_branches_covered_display": "100"}, "missing_lines": [], "excluded_lines": [], "start_line": 1, "executed_branches": [], "missing_branches": []}}}}, "totals": {"covered_lines": 3023, "num_statements": 3969, "percent_covered": 73.7167964849211, "percent_covered_display": "74", "missing_lines": 946, "excluded_lines": 26, "percent_statements_covered": 76.16528092718569, "percent_statements_covered_display": "76", "num_branches": 1038, "num_partial_branches": 140, "covered_branches": 668, "missing_branches": 370, "percent_branches_covered": 64.35452793834297, "percent_branches_covered_display": "64"}}